2026-04-21 01:57:13,107 [INFO] main: 🚀 Стартиране в режим: PAPER
2026-04-21 01:57:13,107 [INFO] main: 📊 Символи: ['XAUUSD+', 'EURUSD+', 'GBPUSD+', 'USDJPY+', 'SP500', 'JPN225ft', 'NAS100']
2026-04-21 01:57:13,107 [INFO] TradingBot: 🔧 Инициализиране на модули...
2026-04-21 01:57:13,110 [INFO] MT5Connector: ✅ MetaTrader5 пакет намерен.
2026-04-21 01:57:13,111 [INFO] LearningAgent: 🧠 ML агент зареден | 0 сделки в паметта
2026-04-21 01:57:13,112 [INFO] MT5Connector: ✅ Свързан с MT5 | Акаунт: 25080519 | Баланс: 50.00 USD | Сървър: VantageInternational-Demo
2026-04-21 01:57:13,112 [INFO] TradingBot: ✅ Всички модули инициализирани.
2026-04-21 01:57:13,113 [INFO] main: ⏳ Бот е активен. Ctrl+C за спиране.
2026-04-21 01:57:13,113 [INFO] TradingBot: ── Цикъл #1 [01:57:13] ──
2026-04-21 01:57:13,356 [INFO] SignalEngine: XAUUSD+ → NEUTRAL | Score: 46.4 (Bull:46.4 Bear:15.5) | Price above MA stack | Price at Bullish OB (31%) | Support trendline break | Three White Soldiers pattern
2026-04-21 01:57:13,981 [INFO] SignalEngine: EURUSD+ → NEUTRAL | Score: 27.3 (Bull:27.3 Bear:9.1) | Price above MA stack
2026-04-21 01:57:14,579 [INFO] SignalEngine: GBPUSD+ → NEUTRAL | Score: 28.2 (Bull:18.2 Bear:28.2) | Price at Bearish OB (44%) | Support trendline break
2026-04-21 01:57:15,167 [INFO] SignalEngine: USDJPY+ → NEUTRAL | Score: 32.7 (Bull:22.7 Bear:32.7) | Price below MA stack | Price at Bearish OB (45%) | Bullish Engulfing pattern
2026-04-21 01:57:15,760 [INFO] SignalEngine: SP500 → NEUTRAL | Score: 56.4 (Bull:56.4 Bear:18.2) | Price above MA stack | Price at Bearish OB (100%) | Price at channel support | Three White Soldiers pattern
2026-04-21 01:57:16,369 [INFO] SignalEngine: JPN225ft → NEUTRAL | Score: 42.7 (Bull:42.7 Bear:15.5) | Price above MA stack | Support trendline break | Support trendline break | Three White Soldiers pattern
2026-04-21 01:57:16,384 [INFO] SignalEngine: NAS100 → NEUTRAL | Score: 45.5 (Bull:45.5 Bear:17.3) | Price above MA stack | Price at Bearish OB (94%) | Three White Soldiers pattern
2026-04-21 01:57:28,689 [INFO] main: 🛑 Бот спрян от потребителя.
2026-04-21 01:57:28,689 [INFO] MT5Connector: MT5 връзката затворена.
2026-04-21 01:57:28,689 [INFO] TradingBot: 📊 Финален отчет: {'daily_pnl': 0.0, 'daily_trades': 0, 'daily_losses': 0, 'open_positions': 0, 'trading_halted': False, 'halt_reason': ''}
2026-04-21 01:57:38,769 [INFO] main: 🚀 Стартиране в режим: PAPER
2026-04-21 01:57:38,769 [INFO] main: 📊 Символи: ['XAUUSD+', 'EURUSD+', 'GBPUSD+', 'USDJPY+', 'SP500', 'JPN225ft', 'NAS100']
2026-04-21 01:57:38,770 [INFO] TradingBot: 🔧 Инициализиране на модули...
2026-04-21 01:57:38,772 [INFO] MT5Connector: ✅ MetaTrader5 пакет намерен.
2026-04-21 01:57:38,773 [INFO] LearningAgent: 🧠 ML агент зареден | 0 сделки в паметта
2026-04-21 01:57:38,774 [INFO] MT5Connector: ✅ Свързан с MT5 | Акаунт: 25080519 | Баланс: 50.00 USD | Сървър: VantageInternational-Demo
2026-04-21 01:57:38,774 [INFO] TradingBot: ✅ Всички модули инициализирани.
2026-04-21 01:57:38,774 [INFO] main: ⏳ Бот е активен. Ctrl+C за спиране.
2026-04-21 01:57:38,774 [INFO] TradingBot: ── Цикъл #1 [01:57:38] ──
2026-04-21 01:57:38,793 [INFO] SignalEngine: XAUUSD+ → NEUTRAL | Score: 46.4 (Bull:46.4 Bear:15.5) | Price above MA stack | Price at Bullish OB (31%) | Support trendline break | Three White Soldiers pattern
2026-04-21 01:57:38,815 [INFO] SignalEngine: EURUSD+ → NEUTRAL | Score: 27.3 (Bull:27.3 Bear:9.1) | Price above MA stack
2026-04-21 01:57:38,845 [INFO] SignalEngine: GBPUSD+ → NEUTRAL | Score: 28.2 (Bull:18.2 Bear:28.2) | Price at Bearish OB (44%) | Support trendline break
2026-04-21 01:57:38,876 [INFO] SignalEngine: USDJPY+ → NEUTRAL | Score: 32.7 (Bull:22.7 Bear:32.7) | Price below MA stack | Price at Bearish OB (45%) | Bullish Engulfing pattern
2026-04-21 01:57:38,909 [INFO] SignalEngine: SP500 → NEUTRAL | Score: 56.4 (Bull:56.4 Bear:18.2) | Price above MA stack | Price at Bearish OB (100%) | Price at channel support | Three White Soldiers pattern
2026-04-21 01:57:38,939 [INFO] SignalEngine: JPN225ft → NEUTRAL | Score: 42.7 (Bull:42.7 Bear:15.5) | Price above MA stack | Support trendline break | Support trendline break | Three White Soldiers pattern
2026-04-21 01:57:38,954 [INFO] SignalEngine: NAS100 → NEUTRAL | Score: 45.5 (Bull:45.5 Bear:17.3) | Price above MA stack | Price at Bearish OB (94%) | Three White Soldiers pattern
2026-04-21 01:58:38,955 [INFO] TradingBot: ── Цикъл #2 [01:58:38] ──
2026-04-21 01:58:38,974 [INFO] SignalEngine: XAUUSD+ → NEUTRAL | Score: 46.4 (Bull:46.4 Bear:15.5) | Price above MA stack | Price at Bullish OB (31%) | Support trendline break | Three White Soldiers pattern
2026-04-21 01:58:38,990 [INFO] SignalEngine: EURUSD+ → NEUTRAL | Score: 27.3 (Bull:27.3 Bear:9.1) | Price above MA stack
2026-04-21 01:58:39,005 [INFO] SignalEngine: GBPUSD+ → NEUTRAL | Score: 28.2 (Bull:18.2 Bear:28.2) | Price at Bearish OB (44%) | Support trendline break
2026-04-21 01:58:39,020 [INFO] SignalEngine: USDJPY+ → NEUTRAL | Score: 32.7 (Bull:22.7 Bear:32.7) | Price below MA stack | Price at Bearish OB (45%) | Bullish Engulfing pattern
2026-04-21 01:58:39,036 [INFO] SignalEngine: SP500 → NEUTRAL | Score: 56.4 (Bull:56.4 Bear:18.2) | Price above MA stack | Price at Bearish OB (100%) | Price at channel support | Three White Soldiers pattern
2026-04-21 01:58:39,050 [INFO] SignalEngine: JPN225ft → NEUTRAL | Score: 42.7 (Bull:42.7 Bear:15.5) | Price above MA stack | Support trendline break | Support trendline break | Three White Soldiers pattern
2026-04-21 01:58:39,065 [INFO] SignalEngine: NAS100 → NEUTRAL | Score: 45.5 (Bull:45.5 Bear:17.3) | Price above MA stack | Price at Bearish OB (94%) | Three White Soldiers pattern
2026-04-21 01:59:39,066 [INFO] TradingBot: ── Цикъл #3 [01:59:39] ──
2026-04-21 01:59:39,082 [INFO] SignalEngine: XAUUSD+ → NEUTRAL | Score: 46.4 (Bull:46.4 Bear:15.5) | Price above MA stack | Price at Bullish OB (31%) | Support trendline break | Three White Soldiers pattern
2026-04-21 01:59:39,097 [INFO] SignalEngine: EURUSD+ → NEUTRAL | Score: 27.3 (Bull:27.3 Bear:9.1) | Price above MA stack
2026-04-21 01:59:39,112 [INFO] SignalEngine: GBPUSD+ → NEUTRAL | Score: 28.2 (Bull:18.2 Bear:28.2) | Price at Bearish OB (44%) | Support trendline break
2026-04-21 01:59:39,127 [INFO] SignalEngine: USDJPY+ → NEUTRAL | Score: 32.7 (Bull:22.7 Bear:32.7) | Price below MA stack | Price at Bearish OB (45%) | Bullish Engulfing pattern
2026-04-21 01:59:39,142 [INFO] SignalEngine: SP500 → NEUTRAL | Score: 56.4 (Bull:56.4 Bear:18.2) | Price above MA stack | Price at Bearish OB (100%) | Price at channel support | Three White Soldiers pattern
2026-04-21 01:59:39,157 [INFO] SignalEngine: JPN225ft → NEUTRAL | Score: 42.7 (Bull:42.7 Bear:15.5) | Price above MA stack | Support trendline break | Support trendline break | Three White Soldiers pattern
2026-04-21 01:59:39,172 [INFO] SignalEngine: NAS100 → NEUTRAL | Score: 45.5 (Bull:45.5 Bear:17.3) | Price above MA stack | Price at Bearish OB (94%) | Three White Soldiers pattern
2026-04-21 02:00:39,173 [INFO] TradingBot: ── Цикъл #4 [02:00:39] ──
2026-04-21 02:00:39,190 [INFO] SignalEngine: XAUUSD+ → NEUTRAL | Score: 46.4 (Bull:46.4 Bear:15.5) | Price above MA stack | Price at Bullish OB (31%) | Support trendline break | Three White Soldiers pattern
2026-04-21 02:00:39,206 [INFO] SignalEngine: EURUSD+ → NEUTRAL | Score: 39.1 (Bull:39.1 Bear:24.5) | Price above MA stack | Resistance trendline break | Support trendline break | Support trendline break | Shooting Star pattern
2026-04-21 02:00:39,221 [INFO] SignalEngine: GBPUSD+ → NEUTRAL | Score: 27.3 (Bull:27.3 Bear:9.1) | Price above MA stack
2026-04-21 02:00:39,237 [INFO] SignalEngine: USDJPY+ → NEUTRAL | Score: 32.7 (Bull:9.1 Bear:32.7) | Price below MA stack | Price at Bearish OB (45%)
2026-04-21 02:00:39,254 [INFO] SignalEngine: SP500 → NEUTRAL | Score: 34.5 (Bull:34.5 Bear:18.2) | Price above MA stack | Price at Bearish OB (100%)
2026-04-21 02:00:39,270 [INFO] SignalEngine: JPN225ft → NEUTRAL | Score: 31.8 (Bull:31.8 Bear:29.1) | Price above MA stack | Support trendline break | Shooting Star pattern | Shooting Star pattern
2026-04-21 02:00:39,285 [INFO] SignalEngine: NAS100 → NEUTRAL | Score: 34.5 (Bull:34.5 Bear:17.3) | Price above MA stack | Price at Bearish OB (94%)
2026-04-21 02:01:39,286 [INFO] TradingBot: ── Цикъл #5 [02:01:39] ──
2026-04-21 02:01:39,302 [INFO] SignalEngine: XAUUSD+ → NEUTRAL | Score: 46.4 (Bull:46.4 Bear:15.5) | Price above MA stack | Price at Bullish OB (31%) | Support trendline break | Three White Soldiers pattern
2026-04-21 02:01:39,320 [INFO] SignalEngine: EURUSD+ → NEUTRAL | Score: 36.4 (Bull:36.4 Bear:18.2) | Price above MA stack | Resistance trendline break | Support trendline break | Support trendline break
2026-04-21 02:01:39,334 [INFO] SignalEngine: GBPUSD+ → NEUTRAL | Score: 27.3 (Bull:27.3 Bear:9.1) | Price above MA stack
2026-04-21 02:01:39,349 [INFO] SignalEngine: USDJPY+ → NEUTRAL | Score: 32.7 (Bull:9.1 Bear:32.7) | Price below MA stack | Price at Bearish OB (45%)
2026-04-21 02:01:39,365 [INFO] SignalEngine: SP500 → NEUTRAL | Score: 34.5 (Bull:34.5 Bear:18.2) | Price above MA stack | Price at Bearish OB (100%)
2026-04-21 02:01:39,381 [INFO] SignalEngine: JPN225ft → NEUTRAL | Score: 31.8 (Bull:31.8 Bear:15.5) | Price above MA stack | Support trendline break
2026-04-21 02:01:39,396 [INFO] SignalEngine: NAS100 → NEUTRAL | Score: 34.5 (Bull:34.5 Bear:17.3) | Price above MA stack | Price at Bearish OB (94%)
2026-04-21 02:02:39,397 [INFO] TradingBot: ── Цикъл #6 [02:02:39] ──
2026-04-21 02:02:39,412 [INFO] SignalEngine: XAUUSD+ → NEUTRAL | Score: 46.4 (Bull:46.4 Bear:15.5) | Price above MA stack | Price at Bullish OB (31%) | Support trendline break | Three White Soldiers pattern
2026-04-21 02:02:39,431 [INFO] SignalEngine: EURUSD+ → NEUTRAL | Score: 36.4 (Bull:36.4 Bear:18.2) | Price above MA stack | Resistance trendline break | Support trendline break | Support trendline break
2026-04-21 02:02:39,445 [INFO] SignalEngine: GBPUSD+ → NEUTRAL | Score: 30.9 (Bull:30.9 Bear:9.1) | Price above MA stack | Price at Bullish OB (29%)
2026-04-21 02:02:39,460 [INFO] SignalEngine: USDJPY+ → NEUTRAL | Score: 32.7 (Bull:9.1 Bear:32.7) | Price below MA stack | Price at Bearish OB (45%)
2026-04-21 02:02:39,475 [INFO] SignalEngine: SP500 → NEUTRAL | Score: 34.5 (Bull:34.5 Bear:18.2) | Price above MA stack | Price at Bearish OB (100%)
2026-04-21 02:02:39,490 [INFO] SignalEngine: JPN225ft → NEUTRAL | Score: 31.8 (Bull:31.8 Bear:15.5) | Price above MA stack | Support trendline break
2026-04-21 02:02:39,505 [INFO] SignalEngine: NAS100 → NEUTRAL | Score: 34.5 (Bull:34.5 Bear:17.3) | Price above MA stack | Price at Bearish OB (94%)
2026-04-21 02:03:39,505 [INFO] TradingBot: ── Цикъл #7 [02:03:39] ──
2026-04-21 02:03:39,522 [INFO] SignalEngine: XAUUSD+ → NEUTRAL | Score: 35.5 (Bull:35.5 Bear:15.5) | Price above MA stack | Price at Bullish OB (31%) | Support trendline break
2026-04-21 02:03:39,537 [INFO] SignalEngine: EURUSD+ → NEUTRAL | Score: 36.4 (Bull:36.4 Bear:18.2) | Price above MA stack | Resistance trendline break | Resistance trendline break | Support trendline break
2026-04-21 02:03:39,552 [INFO] SignalEngine: GBPUSD+ → NEUTRAL | Score: 30.9 (Bull:30.9 Bear:9.1) | Price above MA stack | Price at Bullish OB (29%)
2026-04-21 02:03:39,567 [INFO] SignalEngine: USDJPY+ → NEUTRAL | Score: 32.7 (Bull:9.1 Bear:32.7) | Price below MA stack | Price at Bearish OB (45%)
2026-04-21 02:03:39,582 [INFO] SignalEngine: SP500 → NEUTRAL | Score: 34.5 (Bull:34.5 Bear:18.2) | Price above MA stack | Price at Bearish OB (100%)
2026-04-21 02:03:39,596 [INFO] SignalEngine: JPN225ft → NEUTRAL | Score: 31.8 (Bull:31.8 Bear:15.5) | Price above MA stack | Support trendline break
2026-04-21 02:03:39,610 [INFO] SignalEngine: NAS100 → NEUTRAL | Score: 34.5 (Bull:34.5 Bear:17.3) | Price above MA stack | Price at Bearish OB (94%)
2026-04-21 02:04:39,611 [INFO] TradingBot: ── Цикъл #8 [02:04:39] ──
2026-04-21 02:04:39,629 [INFO] SignalEngine: XAUUSD+ → NEUTRAL | Score: 35.5 (Bull:35.5 Bear:24.5) | Price above MA stack | Price at Bullish OB (31%) | Support trendline break | Shooting Star pattern | Shooting Star pattern
2026-04-21 02:04:39,644 [INFO] SignalEngine: EURUSD+ → NEUTRAL | Score: 36.4 (Bull:36.4 Bear:18.2) | Price above MA stack | Resistance trendline break | Resistance trendline break | Support trendline break
2026-04-21 02:04:39,661 [INFO] SignalEngine: GBPUSD+ → NEUTRAL | Score: 30.9 (Bull:30.9 Bear:9.1) | Price above MA stack | Price at Bullish OB (29%)
2026-04-21 02:04:39,676 [INFO] SignalEngine: USDJPY+ → NEUTRAL | Score: 32.7 (Bull:9.1 Bear:32.7) | Price below MA stack | Price at Bearish OB (45%)
2026-04-21 02:04:39,692 [INFO] SignalEngine: SP500 → NEUTRAL | Score: 34.5 (Bull:34.5 Bear:18.2) | Price above MA stack | Price at Bearish OB (100%)
2026-04-21 02:04:39,707 [INFO] SignalEngine: JPN225ft → NEUTRAL | Score: 31.8 (Bull:31.8 Bear:15.5) | Price above MA stack | Support trendline break
2026-04-21 02:04:39,723 [INFO] SignalEngine: NAS100 → NEUTRAL | Score: 34.5 (Bull:34.5 Bear:17.3) | Price above MA stack | Price at Bearish OB (94%)
2026-04-21 02:05:39,724 [INFO] TradingBot: ── Цикъл #9 [02:05:39] ──
2026-04-21 02:05:39,739 [INFO] SignalEngine: XAUUSD+ → NEUTRAL | Score: 35.5 (Bull:35.5 Bear:15.5) | Price above MA stack | Price at Bullish OB (31%) | Support trendline break
2026-04-21 02:05:39,754 [INFO] SignalEngine: EURUSD+ → NEUTRAL | Score: 36.4 (Bull:36.4 Bear:18.2) | Price above MA stack | Resistance trendline break | Resistance trendline break | Support trendline break
2026-04-21 02:05:39,768 [INFO] SignalEngine: GBPUSD+ → NEUTRAL | Score: 30.9 (Bull:30.9 Bear:9.1) | Price above MA stack | Price at Bullish OB (29%)
2026-04-21 02:05:39,783 [INFO] SignalEngine: USDJPY+ → NEUTRAL | Score: 32.7 (Bull:9.1 Bear:32.7) | Price below MA stack | Price at Bearish OB (45%)
2026-04-21 02:05:39,799 [INFO] SignalEngine: SP500 → NEUTRAL | Score: 34.5 (Bull:34.5 Bear:18.2) | Price above MA stack | Price at Bearish OB (100%)
2026-04-21 02:05:39,815 [INFO] SignalEngine: JPN225ft → NEUTRAL | Score: 31.8 (Bull:31.8 Bear:15.5) | Price above MA stack | Support trendline break
2026-04-21 02:05:39,830 [INFO] SignalEngine: NAS100 → NEUTRAL | Score: 34.5 (Bull:34.5 Bear:17.3) | Price above MA stack | Price at Bearish OB (94%)
2026-04-21 02:06:39,831 [INFO] TradingBot: ── Цикъл #10 [02:06:39] ──
2026-04-21 02:06:39,848 [INFO] SignalEngine: XAUUSD+ → NEUTRAL | Score: 35.5 (Bull:35.5 Bear:24.5) | Price above MA stack | Price at Bullish OB (31%) | Support trendline break | Shooting Star pattern | Shooting Star pattern
2026-04-21 02:06:39,862 [INFO] SignalEngine: EURUSD+ → NEUTRAL | Score: 36.4 (Bull:36.4 Bear:18.2) | Price above MA stack | Resistance trendline break | Resistance trendline break | Support trendline break
2026-04-21 02:06:39,877 [INFO] SignalEngine: GBPUSD+ → NEUTRAL | Score: 30.9 (Bull:30.9 Bear:9.1) | Price above MA stack | Price at Bullish OB (29%)
2026-04-21 02:06:39,892 [INFO] SignalEngine: USDJPY+ → NEUTRAL | Score: 32.7 (Bull:9.1 Bear:32.7) | Price below MA stack | Price at Bearish OB (45%)
2026-04-21 02:06:39,906 [INFO] SignalEngine: SP500 → NEUTRAL | Score: 34.5 (Bull:34.5 Bear:18.2) | Price above MA stack | Price at Bearish OB (100%)
2026-04-21 02:06:39,920 [INFO] SignalEngine: JPN225ft → NEUTRAL | Score: 31.8 (Bull:31.8 Bear:15.5) | Price above MA stack | Support trendline break
2026-04-21 02:06:39,934 [INFO] SignalEngine: NAS100 → NEUTRAL | Score: 34.5 (Bull:34.5 Bear:17.3) | Price above MA stack | Price at Bearish OB (94%)
2026-04-21 02:07:39,935 [INFO] TradingBot: ── Цикъл #11 [02:07:39] ──
2026-04-21 02:07:39,953 [INFO] SignalEngine: XAUUSD+ → NEUTRAL | Score: 35.5 (Bull:35.5 Bear:15.5) | Price above MA stack | Price at Bullish OB (31%) | Support trendline break
2026-04-21 02:07:39,967 [INFO] SignalEngine: EURUSD+ → NEUTRAL | Score: 36.4 (Bull:36.4 Bear:18.2) | Price above MA stack | Resistance trendline break | Resistance trendline break | Support trendline break
2026-04-21 02:07:39,982 [INFO] SignalEngine: GBPUSD+ → NEUTRAL | Score: 30.9 (Bull:30.9 Bear:9.1) | Price above MA stack | Price at Bullish OB (29%)
2026-04-21 02:07:39,996 [INFO] SignalEngine: USDJPY+ → NEUTRAL | Score: 32.7 (Bull:9.1 Bear:32.7) | Price below MA stack | Price at Bearish OB (45%)
2026-04-21 02:07:40,010 [INFO] SignalEngine: SP500 → NEUTRAL | Score: 34.5 (Bull:34.5 Bear:18.2) | Price above MA stack | Price at Bearish OB (100%)
2026-04-21 02:07:40,024 [INFO] SignalEngine: JPN225ft → NEUTRAL | Score: 31.8 (Bull:31.8 Bear:15.5) | Price above MA stack | Support trendline break
2026-04-21 02:07:40,038 [INFO] SignalEngine: NAS100 → NEUTRAL | Score: 34.5 (Bull:34.5 Bear:17.3) | Price above MA stack | Price at Bearish OB (94%)
2026-04-21 02:08:40,039 [INFO] TradingBot: ── Цикъл #12 [02:08:40] ──
2026-04-21 02:08:40,054 [INFO] SignalEngine: XAUUSD+ → NEUTRAL | Score: 35.5 (Bull:35.5 Bear:15.5) | Price above MA stack | Price at Bullish OB (31%) | Support trendline break
2026-04-21 02:08:40,069 [INFO] SignalEngine: EURUSD+ → NEUTRAL | Score: 36.4 (Bull:36.4 Bear:18.2) | Price above MA stack | Resistance trendline break | Resistance trendline break | Support trendline break
2026-04-21 02:08:40,084 [INFO] SignalEngine: GBPUSD+ → NEUTRAL | Score: 30.9 (Bull:30.9 Bear:9.1) | Price above MA stack | Price at Bullish OB (29%)
2026-04-21 02:08:40,099 [INFO] SignalEngine: USDJPY+ → NEUTRAL | Score: 32.7 (Bull:9.1 Bear:32.7) | Price below MA stack | Price at Bearish OB (45%)
2026-04-21 02:08:40,114 [INFO] SignalEngine: SP500 → NEUTRAL | Score: 34.5 (Bull:34.5 Bear:18.2) | Price above MA stack | Price at Bearish OB (100%)
2026-04-21 02:08:40,129 [INFO] SignalEngine: JPN225ft → NEUTRAL | Score: 31.8 (Bull:31.8 Bear:15.5) | Price above MA stack | Support trendline break
2026-04-21 02:08:40,143 [INFO] SignalEngine: NAS100 → NEUTRAL | Score: 34.5 (Bull:34.5 Bear:17.3) | Price above MA stack | Price at Bearish OB (94%)
2026-04-21 02:09:40,144 [INFO] TradingBot: ── Цикъл #13 [02:09:40] ──
2026-04-21 02:09:40,159 [INFO] SignalEngine: XAUUSD+ → NEUTRAL | Score: 35.5 (Bull:35.5 Bear:15.5) | Price above MA stack | Price at Bullish OB (31%) | Support trendline break
2026-04-21 02:09:40,174 [INFO] SignalEngine: EURUSD+ → NEUTRAL | Score: 36.4 (Bull:36.4 Bear:18.2) | Price above MA stack | Resistance trendline break | Resistance trendline break | Support trendline break
2026-04-21 02:09:40,189 [INFO] SignalEngine: GBPUSD+ → NEUTRAL | Score: 30.9 (Bull:30.9 Bear:9.1) | Price above MA stack | Price at Bullish OB (29%)
2026-04-21 02:09:40,204 [INFO] SignalEngine: USDJPY+ → NEUTRAL | Score: 32.7 (Bull:9.1 Bear:32.7) | Price below MA stack | Price at Bearish OB (45%)
2026-04-21 02:09:40,219 [INFO] SignalEngine: SP500 → NEUTRAL | Score: 34.5 (Bull:34.5 Bear:18.2) | Price above MA stack | Price at Bearish OB (100%)
2026-04-21 02:09:40,234 [INFO] SignalEngine: JPN225ft → NEUTRAL | Score: 31.8 (Bull:31.8 Bear:15.5) | Price above MA stack | Support trendline break
2026-04-21 02:09:40,250 [INFO] SignalEngine: NAS100 → NEUTRAL | Score: 34.5 (Bull:34.5 Bear:17.3) | Price above MA stack | Price at Bearish OB (94%)
