2026-04-27 20:55:42,125 [INFO] main: 🚀 Стартиране в режим: LIVE
2026-04-27 20:55:42,125 [INFO] main: 📊 Символи: ['EURUSD+', 'GBPUSD+', 'USDJPY+', 'NZDUSD+', 'EURJPY+', 'EURGBP+', 'USDCAD+']
2026-04-27 20:55:42,125 [INFO] TradingBot: Инициализиране на модули...
2026-04-27 20:55:42,159 [INFO] MT5Connector: ✅ MetaTrader5 пакет намерен.
2026-04-27 20:55:42,160 [INFO] LearningAgent: 🧠 ML агент зареден | 0 сделки в паметта
2026-04-27 20:55:42,161 [INFO] MT5Connector: ✅ Свързан с MT5 | Акаунт: 25080519 | Баланс: 51.17 USD | Сървър: VantageInternational-Demo
2026-04-27 20:55:42,161 [INFO] TradingBot: Всички модули инициализирани.
2026-04-27 20:55:42,162 [INFO] main: ⏳ Бот е активен. Ctrl+C за спиране.
2026-04-27 20:55:42,162 [CYCLE] TradingBot: –––––––––––––––Цикъл #1 [20:55:42]–––––––––––––––
2026-04-27 20:55:42,224 [INFO] LearningAgent: 🎲 Лот: 0.01 | Опит:0 (новак)
2026-04-27 20:55:42,232 [INFO] ScalperEngine: 💤 EURUSD+  | СКИП | 🐂 55% / 🐻 45% | Мощност: 30 | 🧠 ML: 50% | ⚠️ Отказ: TP (3.5p) е под 7.5
2026-04-27 20:55:42,280 [INFO] LearningAgent: 🎲 Лот: 0.01 | Опит:0 (новак)
2026-04-27 20:55:42,287 [INFO] ScalperEngine: 💤 GBPUSD+  | СКИП | 🐂 27% / 🐻 73% | Мощност: 40 | 🧠 ML: 50% | ⚠️ Отказ: TP (4.0p) е под 7.5
2026-04-27 20:55:42,326 [INFO] LearningAgent: 🎲 Лот: 0.01 | Опит:0 (новак)
2026-04-27 20:55:42,333 [INFO] ScalperEngine: 💤 USDJPY+  | СКИП | 🐂 73% / 🐻 27% | Мощност: 40 | 🧠 ML: 50% | ⚠️ Отказ: TP (3.8p) е под 7.5
2026-04-27 20:55:42,373 [INFO] LearningAgent: 🎲 Лот: 0.01 | Опит:0 (новак)
2026-04-27 20:55:42,382 [INFO] ScalperEngine: 💤 NZDUSD+  | СКИП | 🐂 27% / 🐻 73% | Мощност: 40 | 🧠 ML: 50% | ⚠️ Отказ: TP (2.6p) е под 7.5
2026-04-27 20:55:42,420 [INFO] LearningAgent: 🎲 Лот: 0.01 | Опит:0 (новак)
2026-04-27 20:55:42,429 [INFO] ScalperEngine: 💤 EURJPY+  | СКИП | 🐂 33% / 🐻 67% | Мощност: 40 | 🧠 ML: 50% | ⚠️ Отказ: TP (3.4p) е под 7.5
2026-04-27 20:55:42,481 [INFO] LearningAgent: 🎲 Лот: 0.01 | Опит:0 (новак)
2026-04-27 20:55:42,487 [INFO] ScalperEngine: 💤 EURGBP+  | СКИП | 🐂 80% / 🐻 20% | Мощност: 60 | 🧠 ML: 50% | ⚠️ Отказ: TP (1.5p) е под 7.5
2026-04-27 20:55:42,528 [INFO] LearningAgent: 🎲 Лот: 0.01 | Опит:0 (новак)
2026-04-27 20:55:42,535 [INFO] ScalperEngine: 💤 USDCAD+  | СКИП | 🐂 45% / 🐻 55% | Мощност: 30 | 🧠 ML: 50% | ⚠️ Отказ: TP (3.3p) е под 7.5
2026-04-27 20:55:57,536 [CYCLE] TradingBot: –––––––––––––––Цикъл #2 [20:55:57]–––––––––––––––
2026-04-27 20:55:57,549 [INFO] LearningAgent: 🎲 Лот: 0.01 | Опит:0 (новак)
2026-04-27 20:55:57,558 [INFO] ScalperEngine: 💤 EURUSD+  | СКИП | 🐂 55% / 🐻 45% | Мощност: 30 | 🧠 ML: 50% | ⚠️ Отказ: TP (3.5p) е под 7.5
2026-04-27 20:55:57,569 [INFO] LearningAgent: 🎲 Лот: 0.01 | Опит:0 (новак)
2026-04-27 20:55:57,576 [INFO] ScalperEngine: 💤 GBPUSD+  | СКИП | 🐂 27% / 🐻 73% | Мощност: 40 | 🧠 ML: 50% | ⚠️ Отказ: TP (4.0p) е под 7.5
2026-04-27 20:55:57,592 [INFO] LearningAgent: 🎲 Лот: 0.01 | Опит:0 (новак)
2026-04-27 20:55:57,599 [INFO] ScalperEngine: 💤 USDJPY+  | СКИП | 🐂 73% / 🐻 27% | Мощност: 40 | 🧠 ML: 50% | ⚠️ Отказ: TP (3.8p) е под 7.5
2026-04-27 20:55:57,612 [INFO] LearningAgent: 🎲 Лот: 0.01 | Опит:0 (новак)
2026-04-27 20:55:57,620 [INFO] ScalperEngine: 💤 NZDUSD+  | СКИП | 🐂 27% / 🐻 73% | Мощност: 40 | 🧠 ML: 50% | ⚠️ Отказ: TP (2.6p) е под 7.5
2026-04-27 20:55:57,633 [INFO] LearningAgent: 🎲 Лот: 0.01 | Опит:0 (новак)
2026-04-27 20:55:57,640 [INFO] ScalperEngine: 💤 EURJPY+  | СКИП | 🐂 33% / 🐻 67% | Мощност: 40 | 🧠 ML: 50% | ⚠️ Отказ: TP (3.4p) е под 7.5
2026-04-27 20:55:57,651 [INFO] LearningAgent: 🎲 Лот: 0.01 | Опит:0 (новак)
2026-04-27 20:55:57,659 [INFO] ScalperEngine: 💤 EURGBP+  | СКИП | 🐂 80% / 🐻 20% | Мощност: 60 | 🧠 ML: 50% | ⚠️ Отказ: TP (1.5p) е под 7.5
2026-04-27 20:55:57,670 [INFO] LearningAgent: 🎲 Лот: 0.01 | Опит:0 (новак)
2026-04-27 20:55:57,678 [INFO] ScalperEngine: 💤 USDCAD+  | СКИП | 🐂 45% / 🐻 55% | Мощност: 30 | 🧠 ML: 50% | ⚠️ Отказ: TP (3.3p) е под 7.5
2026-04-27 20:56:12,679 [CYCLE] TradingBot: –––––––––––––––Цикъл #3 [20:56:12]–––––––––––––––
2026-04-27 20:56:12,692 [INFO] LearningAgent: 🎲 Лот: 0.01 | Опит:0 (новак)
2026-04-27 20:56:12,700 [INFO] ScalperEngine: 💤 EURUSD+  | СКИП | 🐂 55% / 🐻 45% | Мощност: 30 | 🧠 ML: 50% | ⚠️ Отказ: TP (3.5p) е под 7.5
2026-04-27 20:56:12,711 [INFO] LearningAgent: 🎲 Лот: 0.01 | Опит:0 (новак)
2026-04-27 20:56:12,717 [INFO] ScalperEngine: 💤 GBPUSD+  | СКИП | 🐂 27% / 🐻 73% | Мощност: 40 | 🧠 ML: 50% | ⚠️ Отказ: TP (4.1p) е под 7.5
2026-04-27 20:56:12,728 [INFO] LearningAgent: 🎲 Лот: 0.01 | Опит:0 (новак)
2026-04-27 20:56:12,734 [INFO] ScalperEngine: 💤 USDJPY+  | СКИП | 🐂 73% / 🐻 27% | Мощност: 40 | 🧠 ML: 50% | ⚠️ Отказ: TP (3.8p) е под 7.5
2026-04-27 20:56:12,745 [INFO] LearningAgent: 🎲 Лот: 0.01 | Опит:0 (новак)
2026-04-27 20:56:12,751 [INFO] ScalperEngine: 💤 NZDUSD+  | СКИП | 🐂 27% / 🐻 73% | Мощност: 40 | 🧠 ML: 50% | ⚠️ Отказ: TP (2.6p) е под 7.5
2026-04-27 20:56:12,764 [INFO] LearningAgent: 🎲 Лот: 0.01 | Опит:0 (новак)
2026-04-27 20:56:12,773 [INFO] ScalperEngine: 💤 EURJPY+  | СКИП | 🐂 33% / 🐻 67% | Мощност: 40 | 🧠 ML: 50% | ⚠️ Отказ: TP (3.4p) е под 7.5
2026-04-27 20:56:12,786 [INFO] LearningAgent: 🎲 Лот: 0.01 | Опит:0 (новак)
2026-04-27 20:56:12,796 [INFO] ScalperEngine: 💤 EURGBP+  | СКИП | 🐂 100% / 🐻  0% | Мощност: 55 | 🧠 ML: 50% | ⚠️ Отказ: TP (1.5p) е под 7.5
2026-04-27 20:56:12,809 [INFO] LearningAgent: 🎲 Лот: 0.01 | Опит:0 (новак)
2026-04-27 20:56:12,818 [INFO] ScalperEngine: 💤 USDCAD+  | СКИП | 🐂 45% / 🐻 55% | Мощност: 30 | 🧠 ML: 50% | ⚠️ Отказ: TP (3.3p) е под 7.5
2026-04-27 20:56:27,818 [CYCLE] TradingBot: –––––––––––––––Цикъл #4 [20:56:27]–––––––––––––––
2026-04-27 20:56:27,829 [INFO] LearningAgent: 🎲 Лот: 0.01 | Опит:0 (новак)
2026-04-27 20:56:27,836 [INFO] ScalperEngine: 💤 EURUSD+  | СКИП | 🐂 55% / 🐻 45% | Мощност: 30 | 🧠 ML: 50% | ⚠️ Отказ: TP (3.5p) е под 7.5
2026-04-27 20:56:27,845 [INFO] LearningAgent: 🎲 Лот: 0.01 | Опит:0 (новак)
2026-04-27 20:56:27,852 [INFO] ScalperEngine: 💤 GBPUSD+  | СКИП | 🐂 27% / 🐻 73% | Мощност: 40 | 🧠 ML: 50% | ⚠️ Отказ: TP (4.1p) е под 7.5
2026-04-27 20:56:27,862 [INFO] LearningAgent: 🎲 Лот: 0.01 | Опит:0 (новак)
2026-04-27 20:56:27,868 [INFO] ScalperEngine: 💤 USDJPY+  | СКИП | 🐂 73% / 🐻 27% | Мощност: 40 | 🧠 ML: 50% | ⚠️ Отказ: TP (3.8p) е под 7.5
2026-04-27 20:56:27,878 [INFO] LearningAgent: 🎲 Лот: 0.01 | Опит:0 (новак)
2026-04-27 20:56:27,884 [INFO] ScalperEngine: 💤 NZDUSD+  | СКИП | 🐂 27% / 🐻 73% | Мощност: 40 | 🧠 ML: 50% | ⚠️ Отказ: TP (2.6p) е под 7.5
2026-04-27 20:56:27,895 [INFO] LearningAgent: 🎲 Лот: 0.01 | Опит:0 (новак)
2026-04-27 20:56:27,902 [INFO] ScalperEngine: 💤 EURJPY+  | СКИП | 🐂 33% / 🐻 67% | Мощност: 40 | 🧠 ML: 50% | ⚠️ Отказ: TP (3.4p) е под 7.5
2026-04-27 20:56:27,913 [INFO] LearningAgent: 🎲 Лот: 0.01 | Опит:0 (новак)
2026-04-27 20:56:27,919 [INFO] ScalperEngine: 💤 EURGBP+  | СКИП | 🐂 80% / 🐻 20% | Мощност: 60 | 🧠 ML: 50% | ⚠️ Отказ: TP (1.5p) е под 7.5
2026-04-27 20:56:27,930 [INFO] LearningAgent: 🎲 Лот: 0.01 | Опит:0 (новак)
2026-04-27 20:56:27,937 [INFO] ScalperEngine: 💤 USDCAD+  | СКИП | 🐂 45% / 🐻 55% | Мощност: 30 | 🧠 ML: 50% | ⚠️ Отказ: TP (3.3p) е под 7.5
2026-04-27 20:56:42,938 [CYCLE] TradingBot: –––––––––––––––Цикъл #5 [20:56:42]–––––––––––––––
2026-04-27 20:56:42,949 [INFO] LearningAgent: 🎲 Лот: 0.01 | Опит:0 (новак)
2026-04-27 20:56:42,955 [INFO] ScalperEngine: 💤 EURUSD+  | СКИП | 🐂 55% / 🐻 45% | Мощност: 30 | 🧠 ML: 50% | ⚠️ Отказ: TP (3.5p) е под 7.5
2026-04-27 20:56:42,965 [INFO] LearningAgent: 🎲 Лот: 0.01 | Опит:0 (новак)
2026-04-27 20:56:42,972 [INFO] ScalperEngine: 💤 GBPUSD+  | СКИП | 🐂 27% / 🐻 73% | Мощност: 40 | 🧠 ML: 50% | ⚠️ Отказ: TP (4.1p) е под 7.5
2026-04-27 20:56:42,981 [INFO] LearningAgent: 🎲 Лот: 0.01 | Опит:0 (новак)
2026-04-27 20:56:42,987 [INFO] ScalperEngine: 💤 USDJPY+  | СКИП | 🐂 73% / 🐻 27% | Мощност: 40 | 🧠 ML: 50% | ⚠️ Отказ: TP (3.8p) е под 7.5
2026-04-27 20:56:42,997 [INFO] LearningAgent: 🎲 Лот: 0.01 | Опит:0 (новак)
2026-04-27 20:56:43,003 [INFO] ScalperEngine: 💤 NZDUSD+  | СКИП | 🐂 27% / 🐻 73% | Мощност: 40 | 🧠 ML: 50% | ⚠️ Отказ: TP (2.6p) е под 7.5
2026-04-27 20:56:43,014 [INFO] LearningAgent: 🎲 Лот: 0.01 | Опит:0 (новак)
2026-04-27 20:56:43,020 [INFO] ScalperEngine: 💤 EURJPY+  | СКИП | 🐂 33% / 🐻 67% | Мощност: 40 | 🧠 ML: 50% | ⚠️ Отказ: TP (3.4p) е под 7.5
2026-04-27 20:56:43,031 [INFO] LearningAgent: 🎲 Лот: 0.01 | Опит:0 (новак)
2026-04-27 20:56:43,037 [INFO] ScalperEngine: 💤 EURGBP+  | СКИП | 🐂 80% / 🐻 20% | Мощност: 60 | 🧠 ML: 50% | ⚠️ Отказ: TP (1.5p) е под 7.5
2026-04-27 20:56:43,048 [INFO] LearningAgent: 🎲 Лот: 0.01 | Опит:0 (новак)
2026-04-27 20:56:43,057 [INFO] ScalperEngine: 💤 USDCAD+  | СКИП | 🐂 45% / 🐻 55% | Мощност: 30 | 🧠 ML: 50% | ⚠️ Отказ: TP (3.3p) е под 7.5
2026-04-27 20:56:58,058 [CYCLE] TradingBot: –––––––––––––––Цикъл #6 [20:56:58]–––––––––––––––
2026-04-27 20:56:58,069 [INFO] LearningAgent: 🎲 Лот: 0.01 | Опит:0 (новак)
2026-04-27 20:56:58,076 [INFO] ScalperEngine: 💤 EURUSD+  | СКИП | 🐂 55% / 🐻 45% | Мощност: 30 | 🧠 ML: 50% | ⚠️ Отказ: TP (3.5p) е под 7.5
2026-04-27 20:56:58,090 [INFO] LearningAgent: 🎲 Лот: 0.01 | Опит:0 (новак)
2026-04-27 20:56:58,098 [INFO] ScalperEngine: 💤 GBPUSD+  | СКИП | 🐂 27% / 🐻 73% | Мощност: 40 | 🧠 ML: 50% | ⚠️ Отказ: TP (4.1p) е под 7.5
2026-04-27 20:56:58,111 [INFO] LearningAgent: 🎲 Лот: 0.01 | Опит:0 (новак)
2026-04-27 20:56:58,118 [INFO] ScalperEngine: 💤 USDJPY+  | СКИП | 🐂 73% / 🐻 27% | Мощност: 40 | 🧠 ML: 50% | ⚠️ Отказ: TP (3.8p) е под 7.5
2026-04-27 20:56:58,130 [INFO] LearningAgent: 🎲 Лот: 0.01 | Опит:0 (новак)
2026-04-27 20:56:58,137 [INFO] ScalperEngine: 💤 NZDUSD+  | СКИП | 🐂 27% / 🐻 73% | Мощност: 40 | 🧠 ML: 50% | ⚠️ Отказ: TP (2.6p) е под 7.5
2026-04-27 20:56:58,149 [INFO] LearningAgent: 🎲 Лот: 0.01 | Опит:0 (новак)
2026-04-27 20:56:58,156 [INFO] ScalperEngine: 💤 EURJPY+  | СКИП | 🐂 33% / 🐻 67% | Мощност: 40 | 🧠 ML: 50% | ⚠️ Отказ: TP (3.4p) е под 7.5
2026-04-27 20:56:58,169 [INFO] LearningAgent: 🎲 Лот: 0.01 | Опит:0 (новак)
2026-04-27 20:56:58,176 [INFO] ScalperEngine: 💤 EURGBP+  | СКИП | 🐂 80% / 🐻 20% | Мощност: 60 | 🧠 ML: 50% | ⚠️ Отказ: TP (1.5p) е под 7.5
2026-04-27 20:56:58,189 [INFO] LearningAgent: 🎲 Лот: 0.01 | Опит:0 (новак)
2026-04-27 20:56:58,199 [INFO] ScalperEngine: 💤 USDCAD+  | СКИП | 🐂 45% / 🐻 55% | Мощност: 30 | 🧠 ML: 50% | ⚠️ Отказ: TP (3.3p) е под 7.5
2026-04-27 20:57:13,200 [CYCLE] TradingBot: –––––––––––––––Цикъл #7 [20:57:13]–––––––––––––––
2026-04-27 20:57:13,215 [INFO] LearningAgent: 🎲 Лот: 0.01 | Опит:0 (новак)
2026-04-27 20:57:13,223 [INFO] ScalperEngine: 💤 EURUSD+  | СКИП | 🐂 55% / 🐻 45% | Мощност: 30 | 🧠 ML: 50% | ⚠️ Отказ: TP (3.5p) е под 7.5
2026-04-27 20:57:13,235 [INFO] LearningAgent: 🎲 Лот: 0.01 | Опит:0 (новак)
2026-04-27 20:57:13,245 [INFO] ScalperEngine: 💤 GBPUSD+  | СКИП | 🐂 27% / 🐻 73% | Мощност: 40 | 🧠 ML: 50% | ⚠️ Отказ: TP (4.2p) е под 7.5
2026-04-27 20:57:13,257 [INFO] LearningAgent: 🎲 Лот: 0.01 | Опит:0 (новак)
2026-04-27 20:57:13,264 [INFO] ScalperEngine: 💤 USDJPY+  | СКИП | 🐂 73% / 🐻 27% | Мощност: 40 | 🧠 ML: 50% | ⚠️ Отказ: TP (3.9p) е под 7.5
2026-04-27 20:57:13,277 [INFO] LearningAgent: 🎲 Лот: 0.01 | Опит:0 (новак)
2026-04-27 20:57:13,283 [INFO] ScalperEngine: 💤 NZDUSD+  | СКИП | 🐂 27% / 🐻 73% | Мощност: 40 | 🧠 ML: 50% | ⚠️ Отказ: TP (2.6p) е под 7.5
2026-04-27 20:57:13,296 [INFO] LearningAgent: 🎲 Лот: 0.01 | Опит:0 (новак)
2026-04-27 20:57:13,303 [INFO] ScalperEngine: 💤 EURJPY+  | СКИП | 🐂 33% / 🐻 67% | Мощност: 40 | 🧠 ML: 50% | ⚠️ Отказ: TP (3.4p) е под 7.5
2026-04-27 20:57:13,315 [INFO] LearningAgent: 🎲 Лот: 0.01 | Опит:0 (новак)
2026-04-27 20:57:13,322 [INFO] ScalperEngine: 💤 EURGBP+  | СКИП | 🐂 80% / 🐻 20% | Мощност: 60 | 🧠 ML: 50% | ⚠️ Отказ: TP (1.5p) е под 7.5
2026-04-27 20:57:13,333 [INFO] LearningAgent: 🎲 Лот: 0.01 | Опит:0 (новак)
2026-04-27 20:57:13,340 [INFO] ScalperEngine: 💤 USDCAD+  | СКИП | 🐂 45% / 🐻 55% | Мощност: 30 | 🧠 ML: 50% | ⚠️ Отказ: TP (3.3p) е под 7.5
2026-04-27 20:57:19,826 [INFO] main: 🛑 Бот спрян от потребителя.
2026-04-27 20:57:19,826 [INFO] MT5Connector: MT5 връзката затворена.
2026-04-27 20:57:19,826 [INFO] TradingBot: Финален отчет: {'daily_pnl': 0.0, 'daily_trades': 0, 'daily_losses': 0, 'open_positions': 0, 'trading_halted': False, 'halt_reason': '', 'start_balance': 0.0}
2026-04-27 20:58:55,208 [INFO] main: 🚀 Стартиране в режим: LIVE
2026-04-27 20:58:55,208 [INFO] main: 📊 Символи: ['EURUSD+', 'GBPUSD+', 'USDJPY+', 'NZDUSD+', 'EURJPY+', 'EURGBP+', 'USDCAD+']
2026-04-27 20:58:55,208 [INFO] TradingBot: Инициализиране на модули...
2026-04-27 20:58:55,233 [INFO] MT5Connector: ✅ MetaTrader5 пакет намерен.
2026-04-27 20:58:55,234 [INFO] LearningAgent: 🧠 ML агент зареден | 0 сделки в паметта
2026-04-27 20:58:55,235 [INFO] MT5Connector: ✅ Свързан с MT5 | Акаунт: 25080519 | Баланс: 51.17 USD | Сървър: VantageInternational-Demo
2026-04-27 20:58:55,235 [INFO] TradingBot: Всички модули инициализирани.
2026-04-27 20:58:55,236 [INFO] main: ⏳ Бот е активен. Ctrl+C за спиране.
2026-04-27 20:58:55,236 [CYCLE] TradingBot: –––––––––––––––Цикъл #1 [20:58:55]–––––––––––––––
2026-04-27 20:58:55,249 [INFO] LearningAgent: 🎲 Лот: 0.01 | Опит:0 (новак)
2026-04-27 20:58:55,256 [INFO] ScalperEngine: 💤 EURUSD+  | СКИП | 🐂 55% / 🐻 45% | Мощност: 30 | 🧠 ML: 50% | ⚠️ Отказ: TP (3.6p) е под 7.5
2026-04-27 20:58:55,265 [INFO] LearningAgent: 🎲 Лот: 0.01 | Опит:0 (новак)
2026-04-27 20:58:55,271 [INFO] ScalperEngine: 💤 GBPUSD+  | СКИП | 🐂 27% / 🐻 73% | Мощност: 40 | 🧠 ML: 50% | ⚠️ Отказ: TP (4.2p) е под 7.5
2026-04-27 20:58:55,281 [INFO] LearningAgent: 🎲 Лот: 0.01 | Опит:0 (новак)
2026-04-27 20:58:55,287 [INFO] ScalperEngine: 💤 USDJPY+  | СКИП | 🐂 73% / 🐻 27% | Мощност: 40 | 🧠 ML: 50% | ⚠️ Отказ: TP (3.9p) е под 7.5
2026-04-27 20:58:55,297 [INFO] LearningAgent: 🎲 Лот: 0.01 | Опит:0 (новак)
2026-04-27 20:58:55,303 [INFO] ScalperEngine: 💤 NZDUSD+  | СКИП | 🐂 27% / 🐻 73% | Мощност: 40 | 🧠 ML: 50% | ⚠️ Отказ: TP (2.6p) е под 7.5
2026-04-27 20:58:55,313 [INFO] LearningAgent: 🎲 Лот: 0.01 | Опит:0 (новак)
2026-04-27 20:58:55,319 [INFO] ScalperEngine: 💤 EURJPY+  | СКИП | 🐂 33% / 🐻 67% | Мощност: 40 | 🧠 ML: 50% | ⚠️ Отказ: TP (3.5p) е под 7.5
2026-04-27 20:58:55,330 [INFO] LearningAgent: 🎲 Лот: 0.01 | Опит:0 (новак)
2026-04-27 20:58:55,336 [INFO] ScalperEngine: 💤 EURGBP+  | СКИП | 🐂 80% / 🐻 20% | Мощност: 60 | 🧠 ML: 50% | ⚠️ Отказ: TP (1.5p) е под 7.5
2026-04-27 20:58:55,346 [INFO] LearningAgent: 🎲 Лот: 0.01 | Опит:0 (новак)
2026-04-27 20:58:55,353 [INFO] ScalperEngine: 💤 USDCAD+  | СКИП | 🐂 45% / 🐻 55% | Мощност: 30 | 🧠 ML: 50% | ⚠️ Отказ: TP (3.3p) е под 7.5
2026-04-27 20:59:10,353 [CYCLE] TradingBot: –––––––––––––––Цикъл #2 [20:59:10]–––––––––––––––
2026-04-27 20:59:10,364 [INFO] LearningAgent: 🎲 Лот: 0.01 | Опит:0 (новак)
2026-04-27 20:59:10,370 [INFO] ScalperEngine: 💤 EURUSD+  | СКИП | 🐂 55% / 🐻 45% | Мощност: 30 | 🧠 ML: 50% | ⚠️ Отказ: TP (3.6p) е под 7.5
2026-04-27 20:59:10,380 [INFO] LearningAgent: 🎲 Лот: 0.01 | Опит:0 (новак)
2026-04-27 20:59:10,387 [INFO] ScalperEngine: 💤 GBPUSD+  | СКИП | 🐂 27% / 🐻 73% | Мощност: 40 | 🧠 ML: 50% | ⚠️ Отказ: TP (4.2p) е под 7.5
2026-04-27 20:59:10,396 [INFO] LearningAgent: 🎲 Лот: 0.01 | Опит:0 (новак)
2026-04-27 20:59:10,403 [INFO] ScalperEngine: 💤 USDJPY+  | СКИП | 🐂 73% / 🐻 27% | Мощност: 40 | 🧠 ML: 50% | ⚠️ Отказ: TP (3.9p) е под 7.5
2026-04-27 20:59:10,412 [INFO] LearningAgent: 🎲 Лот: 0.01 | Опит:0 (новак)
2026-04-27 20:59:10,419 [INFO] ScalperEngine: 💤 NZDUSD+  | СКИП | 🐂 27% / 🐻 73% | Мощност: 40 | 🧠 ML: 50% | ⚠️ Отказ: TP (2.6p) е под 7.5
2026-04-27 20:59:10,428 [INFO] LearningAgent: 🎲 Лот: 0.01 | Опит:0 (новак)
2026-04-27 20:59:10,435 [INFO] ScalperEngine: 💤 EURJPY+  | СКИП | 🐂 33% / 🐻 67% | Мощност: 40 | 🧠 ML: 50% | ⚠️ Отказ: TP (3.5p) е под 7.5
2026-04-27 20:59:10,445 [INFO] LearningAgent: 🎲 Лот: 0.01 | Опит:0 (новак)
2026-04-27 20:59:10,451 [INFO] ScalperEngine: 💤 EURGBP+  | СКИП | 🐂 80% / 🐻 20% | Мощност: 60 | 🧠 ML: 50% | ⚠️ Отказ: TP (1.5p) е под 7.5
2026-04-27 20:59:10,461 [INFO] LearningAgent: 🎲 Лот: 0.01 | Опит:0 (новак)
2026-04-27 20:59:10,468 [INFO] ScalperEngine: 💤 USDCAD+  | СКИП | 🐂 45% / 🐻 55% | Мощност: 30 | 🧠 ML: 50% | ⚠️ Отказ: TP (3.4p) е под 7.5
2026-04-27 20:59:11,119 [INFO] main: 🛑 Бот спрян от потребителя.
2026-04-27 20:59:11,119 [INFO] MT5Connector: MT5 връзката затворена.
2026-04-27 20:59:11,119 [INFO] TradingBot: Финален отчет: {'daily_pnl': 0.0, 'daily_trades': 0, 'daily_losses': 0, 'open_positions': 0, 'trading_halted': False, 'halt_reason': '', 'start_balance': 0.0}
2026-04-27 21:05:23,589 [INFO] main: 🚀 Стартиране в режим: LIVE
2026-04-27 21:05:23,590 [INFO] main: 📊 Символи: ['EURUSD+', 'GBPUSD+', 'USDJPY+', 'NZDUSD+', 'EURJPY+', 'EURGBP+', 'USDCAD+']
2026-04-27 21:05:23,590 [INFO] TradingBot: Инициализиране на модули...
2026-04-27 21:05:23,595 [INFO] MT5Connector: ✅ MetaTrader5 пакет намерен.
2026-04-27 21:05:23,595 [INFO] LearningAgent: 🧠 ML агент зареден | 0 сделки в паметта
2026-04-27 21:05:23,597 [INFO] MT5Connector: ✅ Свързан с MT5 | Акаунт: 25080519 | Баланс: 51.17 USD | Сървър: VantageInternational-Demo
2026-04-27 21:05:23,597 [INFO] TradingBot: Всички модули инициализирани.
2026-04-27 21:05:23,597 [INFO] main: ⏳ Бот е активен. Ctrl+C за спиране.
2026-04-27 21:05:23,597 [CYCLE] TradingBot: –––––––––––––––Цикъл #1 [21:05:23]–––––––––––––––
2026-04-27 21:05:23,637 [INFO] LearningAgent: 🎲 Лот: 0.01 | Опит:0 (новак)
2026-04-27 21:05:23,647 [INFO] ScalperEngine: 💤 EURUSD+  | СКИП | 🐂 56% / 🐻 44% | Мощност: 50 | 🧠 ML: 50% | ⚠️ Отказ: TP (2.9p) е под 7.5
2026-04-27 21:05:23,658 [INFO] LearningAgent: 🎲 Лот: 0.01 | Опит:0 (новак)
2026-04-27 21:05:23,667 [INFO] ScalperEngine: 💤 GBPUSD+  | СКИП | 🐂 56% / 🐻 44% | Мощност: 50 | 🧠 ML: 50% | ⚠️ Отказ: TP (3.4p) е под 7.5
2026-04-27 21:05:23,679 [INFO] LearningAgent: 🎲 Лот: 0.01 | Опит:0 (новак)
2026-04-27 21:05:23,688 [INFO] ScalperEngine: 💤 USDJPY+  | СКИП | 🐂 44% / 🐻 56% | Мощност: 50 | 🧠 ML: 50% | ⚠️ Отказ: TP (3.5p) е под 7.5
2026-04-27 21:05:23,698 [INFO] LearningAgent: 🎲 Лот: 0.01 | Опит:0 (новак)
2026-04-27 21:05:23,707 [INFO] ScalperEngine: 💤 NZDUSD+  | СКИП | 🐂 27% / 🐻 73% | Мощност: 40 | 🧠 ML: 50% | ⚠️ Отказ: TP (2.2p) е под 7.5
2026-04-27 21:05:23,718 [INFO] LearningAgent: 🎲 Лот: 0.01 | Опит:0 (новак)
2026-04-27 21:05:23,727 [INFO] ScalperEngine: 💤 EURJPY+  | СКИП | 🐂  0% / 🐻 100% | Мощност: 60 | 🧠 ML: 50% | ⚠️ Отказ: TP (2.9p) е под 7.5
2026-04-27 21:05:23,738 [INFO] LearningAgent: 🎲 Лот: 0.01 | Опит:0 (новак)
2026-04-27 21:05:23,747 [INFO] ScalperEngine: 💤 EURGBP+  | СКИП | 🐂 57% / 🐻 43% | Мощност: 40 | 🧠 ML: 50% | ⚠️ Отказ: TP (1.2p) е под 7.5
2026-04-27 21:05:23,759 [INFO] LearningAgent: 🎲 Лот: 0.01 | Опит:0 (новак)
2026-04-27 21:05:23,769 [INFO] ScalperEngine: 💤 USDCAD+  | СКИП | 🐂 57% / 🐻 43% | Мощност: 40 | 🧠 ML: 50% | ⚠️ Отказ: TP (2.6p) е под 7.5
2026-04-27 21:05:38,770 [CYCLE] TradingBot: –––––––––––––––Цикъл #2 [21:05:38]–––––––––––––––
2026-04-27 21:05:38,786 [INFO] LearningAgent: 🎲 Лот: 0.01 | Опит:0 (новак)
2026-04-27 21:05:38,798 [INFO] ScalperEngine: 💤 EURUSD+  | СКИП | 🐂 56% / 🐻 44% | Мощност: 50 | 🧠 ML: 50% | ⚠️ Отказ: TP (3.0p) е под 7.5
2026-04-27 21:05:38,809 [INFO] LearningAgent: 🎲 Лот: 0.01 | Опит:0 (новак)
2026-04-27 21:05:38,818 [INFO] ScalperEngine: 💤 GBPUSD+  | СКИП | 🐂 56% / 🐻 44% | Мощност: 50 | 🧠 ML: 50% | ⚠️ Отказ: TP (3.4p) е под 7.5
2026-04-27 21:05:38,829 [INFO] LearningAgent: 🎲 Лот: 0.01 | Опит:0 (новак)
2026-04-27 21:05:38,837 [INFO] ScalperEngine: 💤 USDJPY+  | СКИП | 🐂 44% / 🐻 56% | Мощност: 50 | 🧠 ML: 50% | ⚠️ Отказ: TP (3.5p) е под 7.5
2026-04-27 21:05:38,848 [INFO] LearningAgent: 🎲 Лот: 0.01 | Опит:0 (новак)
2026-04-27 21:05:38,856 [INFO] ScalperEngine: 💤 NZDUSD+  | СКИП | 🐂 27% / 🐻 73% | Мощност: 40 | 🧠 ML: 50% | ⚠️ Отказ: TP (2.2p) е под 7.5
2026-04-27 21:05:38,866 [INFO] LearningAgent: 🎲 Лот: 0.01 | Опит:0 (новак)
2026-04-27 21:05:38,875 [INFO] ScalperEngine: 💤 EURJPY+  | СКИП | 🐂  0% / 🐻 100% | Мощност: 55 | 🧠 ML: 50% | ⚠️ Отказ: TP (3.0p) е под 7.5
2026-04-27 21:05:38,885 [INFO] LearningAgent: 🎲 Лот: 0.01 | Опит:0 (новак)
2026-04-27 21:05:38,894 [INFO] ScalperEngine: 💤 EURGBP+  | СКИП | 🐂 57% / 🐻 43% | Мощност: 40 | 🧠 ML: 50% | ⚠️ Отказ: TP (1.2p) е под 7.5
2026-04-27 21:05:38,904 [INFO] LearningAgent: 🎲 Лот: 0.01 | Опит:0 (новак)
2026-04-27 21:05:38,915 [INFO] ScalperEngine: 💤 USDCAD+  | СКИП | 🐂 57% / 🐻 43% | Мощност: 40 | 🧠 ML: 50% | ⚠️ Отказ: TP (2.6p) е под 7.5
2026-04-27 21:05:53,916 [CYCLE] TradingBot: –––––––––––––––Цикъл #3 [21:05:53]–––––––––––––––
2026-04-27 21:05:53,927 [INFO] LearningAgent: 🎲 Лот: 0.01 | Опит:0 (новак)
2026-04-27 21:05:53,936 [INFO] ScalperEngine: 💤 EURUSD+  | СКИП | 🐂 56% / 🐻 44% | Мощност: 50 | 🧠 ML: 50% | ⚠️ Отказ: TP (3.0p) е под 7.5
2026-04-27 21:05:53,948 [INFO] LearningAgent: 🎲 Лот: 0.01 | Опит:0 (новак)
2026-04-27 21:05:53,958 [INFO] ScalperEngine: 💤 GBPUSD+  | СКИП | 🐂 56% / 🐻 44% | Мощност: 50 | 🧠 ML: 50% | ⚠️ Отказ: TP (3.4p) е под 7.5
2026-04-27 21:05:53,968 [INFO] LearningAgent: 🎲 Лот: 0.01 | Опит:0 (новак)
2026-04-27 21:05:53,980 [INFO] ScalperEngine: 💤 USDJPY+  | СКИП | 🐂 44% / 🐻 56% | Мощност: 50 | 🧠 ML: 50% | ⚠️ Отказ: TP (3.6p) е под 7.5
2026-04-27 21:05:53,991 [INFO] LearningAgent: 🎲 Лот: 0.01 | Опит:0 (новак)
2026-04-27 21:05:53,999 [INFO] ScalperEngine: 💤 NZDUSD+  | СКИП | 🐂 27% / 🐻 73% | Мощност: 40 | 🧠 ML: 50% | ⚠️ Отказ: TP (2.2p) е под 7.5
2026-04-27 21:05:54,011 [INFO] LearningAgent: 🎲 Лот: 0.01 | Опит:0 (новак)
2026-04-27 21:05:54,023 [INFO] ScalperEngine: 💤 EURJPY+  | СКИП | 🐂  0% / 🐻 100% | Мощност: 40 | 🧠 ML: 50% | ⚠️ Отказ: TP (3.0p) е под 7.5
2026-04-27 21:05:54,034 [INFO] LearningAgent: 🎲 Лот: 0.01 | Опит:0 (новак)
2026-04-27 21:05:54,043 [INFO] ScalperEngine: 💤 EURGBP+  | СКИП | 🐂 57% / 🐻 43% | Мощност: 40 | 🧠 ML: 50% | ⚠️ Отказ: TP (1.3p) е под 7.5
2026-04-27 21:05:54,056 [INFO] LearningAgent: 🎲 Лот: 0.01 | Опит:0 (новак)
2026-04-27 21:05:54,065 [INFO] ScalperEngine: 💤 USDCAD+  | СКИП | 🐂 57% / 🐻 43% | Мощност: 40 | 🧠 ML: 50% | ⚠️ Отказ: TP (2.7p) е под 7.5
2026-04-27 21:06:09,066 [CYCLE] TradingBot: –––––––––––––––Цикъл #4 [21:06:09]–––––––––––––––
2026-04-27 21:06:09,076 [INFO] LearningAgent: 🎲 Лот: 0.01 | Опит:0 (новак)
2026-04-27 21:06:09,085 [INFO] ScalperEngine: 💤 EURUSD+  | СКИП | 🐂 56% / 🐻 44% | Мощност: 50 | 🧠 ML: 50% | ⚠️ Отказ: TP (3.0p) е под 7.5
2026-04-27 21:06:09,095 [INFO] LearningAgent: 🎲 Лот: 0.01 | Опит:0 (новак)
2026-04-27 21:06:09,103 [INFO] ScalperEngine: 💤 GBPUSD+  | СКИП | 🐂 56% / 🐻 44% | Мощност: 50 | 🧠 ML: 50% | ⚠️ Отказ: TP (3.4p) е под 7.5
2026-04-27 21:06:09,113 [INFO] LearningAgent: 🎲 Лот: 0.01 | Опит:0 (новак)
2026-04-27 21:06:09,122 [INFO] ScalperEngine: 💤 USDJPY+  | СКИП | 🐂 44% / 🐻 56% | Мощност: 50 | 🧠 ML: 50% | ⚠️ Отказ: TP (3.6p) е под 7.5
2026-04-27 21:06:09,133 [INFO] LearningAgent: 🎲 Лот: 0.01 | Опит:0 (новак)
2026-04-27 21:06:09,146 [INFO] ScalperEngine: 💤 NZDUSD+  | СКИП | 🐂 27% / 🐻 73% | Мощност: 40 | 🧠 ML: 50% | ⚠️ Отказ: TP (2.2p) е под 7.5
2026-04-27 21:06:09,160 [INFO] LearningAgent: 🎲 Лот: 0.01 | Опит:0 (новак)
2026-04-27 21:06:09,169 [INFO] ScalperEngine: 💤 EURJPY+  | СКИП | 🐂  0% / 🐻 100% | Мощност: 60 | 🧠 ML: 50% | ⚠️ Отказ: TP (3.0p) е под 7.5
2026-04-27 21:06:09,179 [INFO] LearningAgent: 🎲 Лот: 0.01 | Опит:0 (новак)
2026-04-27 21:06:09,188 [INFO] ScalperEngine: 💤 EURGBP+  | СКИП | 🐂 65% / 🐻 35% | Мощност: 55 | 🧠 ML: 50% | ⚠️ Отказ: TP (1.3p) е под 7.5
2026-04-27 21:06:09,200 [INFO] LearningAgent: 🎲 Лот: 0.01 | Опит:0 (новак)
2026-04-27 21:06:09,209 [INFO] ScalperEngine: 💤 USDCAD+  | СКИП | 🐂 57% / 🐻 43% | Мощност: 40 | 🧠 ML: 50% | ⚠️ Отказ: TP (2.7p) е под 7.5
2026-04-27 21:06:24,210 [CYCLE] TradingBot: –––––––––––––––Цикъл #5 [21:06:24]–––––––––––––––
2026-04-27 21:06:24,224 [INFO] LearningAgent: 🎲 Лот: 0.01 | Опит:0 (новак)
2026-04-27 21:06:24,233 [INFO] ScalperEngine: 💤 EURUSD+  | СКИП | 🐂 56% / 🐻 44% | Мощност: 50 | 🧠 ML: 50% | ⚠️ Отказ: TP (3.0p) е под 7.5
2026-04-27 21:06:24,245 [INFO] LearningAgent: 🎲 Лот: 0.01 | Опит:0 (новак)
2026-04-27 21:06:24,255 [INFO] ScalperEngine: 💤 GBPUSD+  | СКИП | 🐂 56% / 🐻 44% | Мощност: 50 | 🧠 ML: 50% | ⚠️ Отказ: TP (3.4p) е под 7.5
2026-04-27 21:06:24,266 [INFO] LearningAgent: 🎲 Лот: 0.01 | Опит:0 (новак)
2026-04-27 21:06:24,275 [INFO] ScalperEngine: 💤 USDJPY+  | СКИП | 🐂 44% / 🐻 56% | Мощност: 50 | 🧠 ML: 50% | ⚠️ Отказ: TP (3.6p) е под 7.5
2026-04-27 21:06:24,285 [INFO] LearningAgent: 🎲 Лот: 0.01 | Опит:0 (новак)
2026-04-27 21:06:24,294 [INFO] ScalperEngine: 💤 NZDUSD+  | СКИП | 🐂 27% / 🐻 73% | Мощност: 40 | 🧠 ML: 50% | ⚠️ Отказ: TP (2.2p) е под 7.5
2026-04-27 21:06:24,305 [INFO] LearningAgent: 🎲 Лот: 0.01 | Опит:0 (новак)
2026-04-27 21:06:24,315 [INFO] ScalperEngine: 💤 EURJPY+  | СКИП | 🐂  0% / 🐻 100% | Мощност: 55 | 🧠 ML: 50% | ⚠️ Отказ: TP (3.0p) е под 7.5
2026-04-27 21:06:24,326 [INFO] LearningAgent: 🎲 Лот: 0.01 | Опит:0 (новак)
2026-04-27 21:06:24,334 [INFO] ScalperEngine: 💤 EURGBP+  | СКИП | 🐂 57% / 🐻 43% | Мощност: 40 | 🧠 ML: 50% | ⚠️ Отказ: TP (1.3p) е под 7.5
2026-04-27 21:06:24,346 [INFO] LearningAgent: 🎲 Лот: 0.01 | Опит:0 (новак)
2026-04-27 21:06:24,355 [INFO] ScalperEngine: 💤 USDCAD+  | СКИП | 🐂 57% / 🐻 43% | Мощност: 40 | 🧠 ML: 50% | ⚠️ Отказ: TP (2.7p) е под 7.5
2026-04-27 21:06:39,356 [CYCLE] TradingBot: –––––––––––––––Цикъл #6 [21:06:39]–––––––––––––––
2026-04-27 21:06:39,371 [INFO] LearningAgent: 🎲 Лот: 0.01 | Опит:0 (новак)
2026-04-27 21:06:39,381 [INFO] ScalperEngine: 💤 EURUSD+  | СКИП | 🐂 56% / 🐻 44% | Мощност: 50 | 🧠 ML: 50% | ⚠️ Отказ: TP (3.2p) е под 7.5
2026-04-27 21:06:39,392 [INFO] LearningAgent: 🎲 Лот: 0.01 | Опит:0 (новак)
2026-04-27 21:06:39,401 [INFO] ScalperEngine: 💤 GBPUSD+  | СКИП | 🐂 21% / 🐻 79% | Мощност: 55 | 🧠 ML: 50% | ⚠️ Отказ: TP (3.5p) е под 7.5
2026-04-27 21:06:39,411 [INFO] LearningAgent: 🎲 Лот: 0.01 | Опит:0 (новак)
2026-04-27 21:06:39,420 [INFO] ScalperEngine: 💤 USDJPY+  | СКИП | 🐂 57% / 🐻 43% | Мощност: 40 | 🧠 ML: 50% | ⚠️ Отказ: TP (3.8p) е под 7.5
2026-04-27 21:06:39,431 [INFO] LearningAgent: 🎲 Лот: 0.01 | Опит:0 (новак)
2026-04-27 21:06:39,440 [INFO] ScalperEngine: 💤 NZDUSD+  | СКИП | 🐂 27% / 🐻 73% | Мощност: 40 | 🧠 ML: 50% | ⚠️ Отказ: TP (2.2p) е под 7.5
2026-04-27 21:06:39,451 [INFO] LearningAgent: 🎲 Лот: 0.01 | Опит:0 (новак)
2026-04-27 21:06:39,464 [INFO] ScalperEngine: 💤 EURJPY+  | СКИП | 🐂  0% / 🐻 100% | Мощност: 60 | 🧠 ML: 50% | ⚠️ Отказ: TP (3.0p) е под 7.5
2026-04-27 21:06:39,475 [INFO] LearningAgent: 🎲 Лот: 0.01 | Опит:0 (новак)
2026-04-27 21:06:39,484 [INFO] ScalperEngine: 💤 EURGBP+  | СКИП | 🐂 57% / 🐻 43% | Мощност: 40 | 🧠 ML: 50% | ⚠️ Отказ: TP (1.3p) е под 7.5
2026-04-27 21:06:39,496 [INFO] LearningAgent: 🎲 Лот: 0.01 | Опит:0 (новак)
2026-04-27 21:06:39,505 [INFO] ScalperEngine: 💤 USDCAD+  | СКИП | 🐂 57% / 🐻 43% | Мощност: 40 | 🧠 ML: 50% | ⚠️ Отказ: TP (2.7p) е под 7.5
2026-04-27 21:06:54,506 [CYCLE] TradingBot: –––––––––––––––Цикъл #7 [21:06:54]–––––––––––––––
2026-04-27 21:06:54,519 [INFO] LearningAgent: 🎲 Лот: 0.01 | Опит:0 (новак)
2026-04-27 21:06:54,529 [INFO] ScalperEngine: 💤 EURUSD+  | СКИП | 🐂 56% / 🐻 44% | Мощност: 50 | 🧠 ML: 50% | ⚠️ Отказ: TP (3.2p) е под 7.5
2026-04-27 21:06:54,540 [INFO] LearningAgent: 🎲 Лот: 0.01 | Опит:0 (новак)
2026-04-27 21:06:54,550 [INFO] ScalperEngine: 💤 GBPUSD+  | СКИП | 🐂 56% / 🐻 44% | Мощност: 50 | 🧠 ML: 50% | ⚠️ Отказ: TP (3.5p) е под 7.5
2026-04-27 21:06:54,564 [INFO] LearningAgent: 🎲 Лот: 0.01 | Опит:0 (новак)
2026-04-27 21:06:54,574 [INFO] ScalperEngine: 💤 USDJPY+  | СКИП | 🐂 44% / 🐻 56% | Мощност: 50 | 🧠 ML: 50% | ⚠️ Отказ: TP (3.8p) е под 7.5
2026-04-27 21:06:54,587 [INFO] LearningAgent: 🎲 Лот: 0.01 | Опит:0 (новак)
2026-04-27 21:06:54,596 [INFO] ScalperEngine: 💤 NZDUSD+  | СКИП | 🐂 27% / 🐻 73% | Мощност: 40 | 🧠 ML: 50% | ⚠️ Отказ: TP (2.2p) е под 7.5
2026-04-27 21:06:54,608 [INFO] LearningAgent: 🎲 Лот: 0.01 | Опит:0 (новак)
2026-04-27 21:06:54,617 [INFO] ScalperEngine: 💤 EURJPY+  | СКИП | 🐂  0% / 🐻 100% | Мощност: 55 | 🧠 ML: 50% | ⚠️ Отказ: TP (3.0p) е под 7.5
2026-04-27 21:06:54,628 [INFO] LearningAgent: 🎲 Лот: 0.01 | Опит:0 (новак)
2026-04-27 21:06:54,638 [INFO] ScalperEngine: 💤 EURGBP+  | СКИП | 🐂 57% / 🐻 43% | Мощност: 40 | 🧠 ML: 50% | ⚠️ Отказ: TP (1.3p) е под 7.5
2026-04-27 21:06:54,650 [INFO] LearningAgent: 🎲 Лот: 0.01 | Опит:0 (новак)
2026-04-27 21:06:54,659 [INFO] ScalperEngine: 💤 USDCAD+  | СКИП | 🐂 57% / 🐻 43% | Мощност: 40 | 🧠 ML: 50% | ⚠️ Отказ: TP (2.7p) е под 7.5
2026-04-27 21:07:09,660 [CYCLE] TradingBot: –––––––––––––––Цикъл #8 [21:07:09]–––––––––––––––
2026-04-27 21:07:09,674 [INFO] LearningAgent: 🎲 Лот: 0.01 | Опит:0 (новак)
2026-04-27 21:07:09,684 [INFO] ScalperEngine: 💤 EURUSD+  | СКИП | 🐂 56% / 🐻 44% | Мощност: 50 | 🧠 ML: 50% | ⚠️ Отказ: TP (3.2p) е под 7.5
2026-04-27 21:07:09,696 [INFO] LearningAgent: 🎲 Лот: 0.01 | Опит:0 (новак)
2026-04-27 21:07:09,705 [INFO] ScalperEngine: 💤 GBPUSD+  | СКИП | 🐂 39% / 🐻 61% | Мощност: 55 | 🧠 ML: 50% | ⚠️ Отказ: TP (3.5p) е под 7.5
2026-04-27 21:07:09,717 [INFO] LearningAgent: 🎲 Лот: 0.01 | Опит:0 (новак)
2026-04-27 21:07:09,727 [INFO] ScalperEngine: 💤 USDJPY+  | СКИП | 🐂 44% / 🐻 56% | Мощност: 50 | 🧠 ML: 50% | ⚠️ Отказ: TP (3.8p) е под 7.5
2026-04-27 21:07:09,738 [INFO] LearningAgent: 🎲 Лот: 0.01 | Опит:0 (новак)
2026-04-27 21:07:09,749 [INFO] ScalperEngine: 💤 NZDUSD+  | СКИП | 🐂 27% / 🐻 73% | Мощност: 40 | 🧠 ML: 50% | ⚠️ Отказ: TP (2.2p) е под 7.5
2026-04-27 21:07:09,761 [INFO] LearningAgent: 🎲 Лот: 0.01 | Опит:0 (новак)
2026-04-27 21:07:09,771 [INFO] ScalperEngine: 💤 EURJPY+  | СКИП | 🐂  0% / 🐻 100% | Мощност: 60 | 🧠 ML: 50% | ⚠️ Отказ: TP (3.0p) е под 7.5
2026-04-27 21:07:09,783 [INFO] LearningAgent: 🎲 Лот: 0.01 | Опит:0 (новак)
2026-04-27 21:07:09,793 [INFO] ScalperEngine: 💤 EURGBP+  | СКИП | 🐂 57% / 🐻 43% | Мощност: 40 | 🧠 ML: 50% | ⚠️ Отказ: TP (1.3p) е под 7.5
2026-04-27 21:07:09,804 [INFO] LearningAgent: 🎲 Лот: 0.01 | Опит:0 (новак)
2026-04-27 21:07:09,815 [INFO] ScalperEngine: 💤 USDCAD+  | СКИП | 🐂 57% / 🐻 43% | Мощност: 40 | 🧠 ML: 50% | ⚠️ Отказ: TP (2.7p) е под 7.5
2026-04-27 21:07:24,817 [CYCLE] TradingBot: –––––––––––––––Цикъл #9 [21:07:24]–––––––––––––––
2026-04-27 21:07:24,832 [INFO] LearningAgent: 🎲 Лот: 0.01 | Опит:0 (новак)
2026-04-27 21:07:24,842 [INFO] ScalperEngine: 💤 EURUSD+  | СКИП | 🐂 56% / 🐻 44% | Мощност: 50 | 🧠 ML: 50% | ⚠️ Отказ: TP (3.2p) е под 7.5
2026-04-27 21:07:24,853 [INFO] LearningAgent: 🎲 Лот: 0.01 | Опит:0 (новак)
2026-04-27 21:07:24,863 [INFO] ScalperEngine: 💤 GBPUSD+  | СКИП | 🐂 21% / 🐻 79% | Мощност: 55 | 🧠 ML: 50% | ⚠️ Отказ: TP (3.6p) е под 7.5
2026-04-27 21:07:24,874 [INFO] LearningAgent: 🎲 Лот: 0.01 | Опит:0 (новак)
2026-04-27 21:07:24,883 [INFO] ScalperEngine: 💤 USDJPY+  | СКИП | 🐂 44% / 🐻 56% | Мощност: 50 | 🧠 ML: 50% | ⚠️ Отказ: TP (3.8p) е под 7.5
2026-04-27 21:07:24,894 [INFO] LearningAgent: 🎲 Лот: 0.01 | Опит:0 (новак)
2026-04-27 21:07:24,904 [INFO] ScalperEngine: 💤 NZDUSD+  | СКИП | 🐂 27% / 🐻 73% | Мощност: 40 | 🧠 ML: 50% | ⚠️ Отказ: TP (2.2p) е под 7.5
2026-04-27 21:07:24,915 [INFO] LearningAgent: 🎲 Лот: 0.01 | Опит:0 (новак)
2026-04-27 21:07:24,925 [INFO] ScalperEngine: 💤 EURJPY+  | СКИП | 🐂 25% / 🐻 75% | Мощност: 60 | 🧠 ML: 50% | ⚠️ Отказ: TP (3.0p) е под 7.5
2026-04-27 21:07:24,937 [INFO] LearningAgent: 🎲 Лот: 0.01 | Опит:0 (новак)
2026-04-27 21:07:24,946 [INFO] ScalperEngine: 💤 EURGBP+  | СКИП | 🐂 67% / 🐻 33% | Мощност: 60 | 🧠 ML: 50% | ⚠️ Отказ: TP (1.4p) е под 7.5
2026-04-27 21:07:24,959 [INFO] LearningAgent: 🎲 Лот: 0.01 | Опит:0 (новак)
2026-04-27 21:07:24,969 [INFO] ScalperEngine: 💤 USDCAD+  | СКИП | 🐂 57% / 🐻 43% | Мощност: 40 | 🧠 ML: 50% | ⚠️ Отказ: TP (2.7p) е под 7.5
2026-04-27 21:07:39,970 [CYCLE] TradingBot: –––––––––––––––Цикъл #10 [21:07:39]–––––––––––––––
2026-04-27 21:07:39,985 [INFO] LearningAgent: 🎲 Лот: 0.01 | Опит:0 (новак)
2026-04-27 21:07:39,998 [INFO] ScalperEngine: 💤 EURUSD+  | СКИП | 🐂 56% / 🐻 44% | Мощност: 50 | 🧠 ML: 50% | ⚠️ Отказ: TP (3.2p) е под 7.5
2026-04-27 21:07:40,010 [INFO] LearningAgent: 🎲 Лот: 0.01 | Опит:0 (новак)
2026-04-27 21:07:40,020 [INFO] ScalperEngine: 💤 GBPUSD+  | СКИП | 🐂 21% / 🐻 79% | Мощност: 55 | 🧠 ML: 50% | ⚠️ Отказ: TP (3.6p) е под 7.5
2026-04-27 21:07:40,032 [INFO] LearningAgent: 🎲 Лот: 0.01 | Опит:0 (новак)
2026-04-27 21:07:40,040 [INFO] ScalperEngine: 💤 USDJPY+  | СКИП | 🐂 44% / 🐻 56% | Мощност: 50 | 🧠 ML: 50% | ⚠️ Отказ: TP (3.8p) е под 7.5
2026-04-27 21:07:40,052 [INFO] LearningAgent: 🎲 Лот: 0.01 | Опит:0 (новак)
2026-04-27 21:07:40,060 [INFO] ScalperEngine: 💤 NZDUSD+  | СКИП | 🐂 27% / 🐻 73% | Мощност: 40 | 🧠 ML: 50% | ⚠️ Отказ: TP (2.2p) е под 7.5
2026-04-27 21:07:40,071 [INFO] LearningAgent: 🎲 Лот: 0.01 | Опит:0 (новак)
2026-04-27 21:07:40,084 [INFO] ScalperEngine: 💤 EURJPY+  | СКИП | 🐂 25% / 🐻 75% | Мощност: 60 | 🧠 ML: 50% | ⚠️ Отказ: TP (3.0p) е под 7.5
2026-04-27 21:07:40,098 [INFO] LearningAgent: 🎲 Лот: 0.01 | Опит:0 (новак)
2026-04-27 21:07:40,108 [INFO] ScalperEngine: 💤 EURGBP+  | СКИП | 🐂 67% / 🐻 33% | Мощност: 60 | 🧠 ML: 50% | ⚠️ Отказ: TP (1.4p) е под 7.5
2026-04-27 21:07:40,123 [INFO] LearningAgent: 🎲 Лот: 0.01 | Опит:0 (новак)
2026-04-27 21:07:40,136 [INFO] ScalperEngine: 💤 USDCAD+  | СКИП | 🐂 57% / 🐻 43% | Мощност: 40 | 🧠 ML: 50% | ⚠️ Отказ: TP (2.7p) е под 7.5
2026-04-27 21:07:55,137 [CYCLE] TradingBot: –––––––––––––––Цикъл #11 [21:07:55]–––––––––––––––
2026-04-27 21:07:55,149 [INFO] LearningAgent: 🎲 Лот: 0.01 | Опит:0 (новак)
2026-04-27 21:07:55,158 [INFO] ScalperEngine: 💤 EURUSD+  | СКИП | 🐂 56% / 🐻 44% | Мощност: 50 | 🧠 ML: 50% | ⚠️ Отказ: TP (3.2p) е под 7.5
2026-04-27 21:07:55,169 [INFO] LearningAgent: 🎲 Лот: 0.01 | Опит:0 (новак)
2026-04-27 21:07:55,178 [INFO] ScalperEngine: 💤 GBPUSD+  | СКИП | 🐂 21% / 🐻 79% | Мощност: 55 | 🧠 ML: 50% | ⚠️ Отказ: TP (3.8p) е под 7.5
2026-04-27 21:07:55,191 [INFO] LearningAgent: 🎲 Лот: 0.01 | Опит:0 (новак)
2026-04-27 21:07:55,202 [INFO] ScalperEngine: 💤 USDJPY+  | СКИП | 🐂 44% / 🐻 56% | Мощност: 50 | 🧠 ML: 50% | ⚠️ Отказ: TP (3.8p) е под 7.5
2026-04-27 21:07:55,213 [INFO] LearningAgent: 🎲 Лот: 0.01 | Опит:0 (новак)
2026-04-27 21:07:55,223 [INFO] ScalperEngine: 💤 NZDUSD+  | СКИП | 🐂 27% / 🐻 73% | Мощност: 40 | 🧠 ML: 50% | ⚠️ Отказ: TP (2.2p) е под 7.5
2026-04-27 21:07:55,234 [INFO] LearningAgent: 🎲 Лот: 0.01 | Опит:0 (новак)
2026-04-27 21:07:55,242 [INFO] ScalperEngine: 💤 EURJPY+  | СКИП | 🐂 25% / 🐻 75% | Мощност: 60 | 🧠 ML: 50% | ⚠️ Отказ: TP (3.0p) е под 7.5
2026-04-27 21:07:55,252 [INFO] LearningAgent: 🎲 Лот: 0.01 | Опит:0 (новак)
2026-04-27 21:07:55,260 [INFO] ScalperEngine: 💤 EURGBP+  | СКИП | 🐂 33% / 🐻 67% | Мощност: 70 | 🧠 ML: 50% | ⚠️ Отказ: TP (1.5p) е под 7.5
2026-04-27 21:07:55,270 [INFO] LearningAgent: 🎲 Лот: 0.01 | Опит:0 (новак)
2026-04-27 21:07:55,279 [INFO] ScalperEngine: 💤 USDCAD+  | СКИП | 🐂 57% / 🐻 43% | Мощност: 40 | 🧠 ML: 50% | ⚠️ Отказ: TP (2.7p) е под 7.5
2026-04-27 21:08:10,280 [CYCLE] TradingBot: –––––––––––––––Цикъл #12 [21:08:10]–––––––––––––––
2026-04-27 21:08:10,290 [INFO] LearningAgent: 🎲 Лот: 0.01 | Опит:0 (новак)
2026-04-27 21:08:10,299 [INFO] ScalperEngine: 💤 EURUSD+  | СКИП | 🐂 56% / 🐻 44% | Мощност: 50 | 🧠 ML: 50% | ⚠️ Отказ: TP (3.2p) е под 7.5
2026-04-27 21:08:10,310 [INFO] LearningAgent: 🎲 Лот: 0.01 | Опит:0 (новак)
2026-04-27 21:08:10,319 [INFO] ScalperEngine: 💤 GBPUSD+  | СКИП | 🐂 21% / 🐻 79% | Мощност: 55 | 🧠 ML: 50% | ⚠️ Отказ: TP (3.8p) е под 7.5
2026-04-27 21:08:10,328 [INFO] LearningAgent: 🎲 Лот: 0.01 | Опит:0 (новак)
2026-04-27 21:08:10,336 [INFO] ScalperEngine: 💤 USDJPY+  | СКИП | 🐂 44% / 🐻 56% | Мощност: 50 | 🧠 ML: 50% | ⚠️ Отказ: TP (3.8p) е под 7.5
2026-04-27 21:08:10,346 [INFO] LearningAgent: 🎲 Лот: 0.01 | Опит:0 (новак)
2026-04-27 21:08:10,354 [INFO] ScalperEngine: 💤 NZDUSD+  | СКИП | 🐂 27% / 🐻 73% | Мощност: 40 | 🧠 ML: 50% | ⚠️ Отказ: TP (2.2p) е под 7.5
2026-04-27 21:08:10,364 [INFO] LearningAgent: 🎲 Лот: 0.01 | Опит:0 (новак)
2026-04-27 21:08:10,374 [INFO] ScalperEngine: 💤 EURJPY+  | СКИП | 🐂 25% / 🐻 75% | Мощност: 60 | 🧠 ML: 50% | ⚠️ Отказ: TP (3.1p) е под 7.5
2026-04-27 21:08:10,384 [INFO] LearningAgent: 🎲 Лот: 0.01 | Опит:0 (новак)
2026-04-27 21:08:10,393 [INFO] ScalperEngine: 💤 EURGBP+  | СКИП | 🐂 39% / 🐻 61% | Мощност: 55 | 🧠 ML: 50% | ⚠️ Отказ: TP (1.6p) е под 7.5
2026-04-27 21:08:10,404 [INFO] LearningAgent: 🎲 Лот: 0.01 | Опит:0 (новак)
2026-04-27 21:08:10,412 [INFO] ScalperEngine: 💤 USDCAD+  | СКИП | 🐂 57% / 🐻 43% | Мощност: 40 | 🧠 ML: 50% | ⚠️ Отказ: TP (2.7p) е под 7.5
2026-04-27 21:08:25,413 [CYCLE] TradingBot: –––––––––––––––Цикъл #13 [21:08:25]–––––––––––––––
2026-04-27 21:08:25,424 [INFO] LearningAgent: 🎲 Лот: 0.01 | Опит:0 (новак)
2026-04-27 21:08:25,433 [INFO] ScalperEngine: 💤 EURUSD+  | СКИП | 🐂 56% / 🐻 44% | Мощност: 50 | 🧠 ML: 50% | ⚠️ Отказ: TP (3.2p) е под 7.5
2026-04-27 21:08:25,443 [INFO] LearningAgent: 🎲 Лот: 0.01 | Опит:0 (новак)
2026-04-27 21:08:25,451 [INFO] ScalperEngine: 💤 GBPUSD+  | СКИП | 🐂 21% / 🐻 79% | Мощност: 55 | 🧠 ML: 50% | ⚠️ Отказ: TP (3.8p) е под 7.5
2026-04-27 21:08:25,461 [INFO] LearningAgent: 🎲 Лот: 0.01 | Опит:0 (новак)
2026-04-27 21:08:25,469 [INFO] ScalperEngine: 💤 USDJPY+  | СКИП | 🐂 44% / 🐻 56% | Мощност: 50 | 🧠 ML: 50% | ⚠️ Отказ: TP (3.8p) е под 7.5
2026-04-27 21:08:25,480 [INFO] LearningAgent: 🎲 Лот: 0.01 | Опит:0 (новак)
2026-04-27 21:08:25,488 [INFO] ScalperEngine: 💤 NZDUSD+  | СКИП | 🐂 27% / 🐻 73% | Мощност: 40 | 🧠 ML: 50% | ⚠️ Отказ: TP (2.2p) е под 7.5
2026-04-27 21:08:25,498 [INFO] LearningAgent: 🎲 Лот: 0.01 | Опит:0 (новак)
2026-04-27 21:08:25,506 [INFO] ScalperEngine: 💤 EURJPY+  | СКИП | 🐂 25% / 🐻 75% | Мощност: 60 | 🧠 ML: 50% | ⚠️ Отказ: TP (3.2p) е под 7.5
2026-04-27 21:08:25,516 [INFO] LearningAgent: 🎲 Лот: 0.01 | Опит:0 (новак)
2026-04-27 21:08:25,524 [INFO] ScalperEngine: 💤 EURGBP+  | СКИП | 🐂 33% / 🐻 67% | Мощност: 70 | 🧠 ML: 50% | ⚠️ Отказ: TP (1.6p) е под 7.5
2026-04-27 21:08:25,534 [INFO] LearningAgent: 🎲 Лот: 0.01 | Опит:0 (новак)
2026-04-27 21:08:25,543 [INFO] ScalperEngine: 💤 USDCAD+  | СКИП | 🐂 57% / 🐻 43% | Мощност: 40 | 🧠 ML: 50% | ⚠️ Отказ: TP (2.7p) е под 7.5
2026-04-27 21:08:40,544 [CYCLE] TradingBot: –––––––––––––––Цикъл #14 [21:08:40]–––––––––––––––
2026-04-27 21:08:40,555 [INFO] LearningAgent: 🎲 Лот: 0.01 | Опит:0 (новак)
2026-04-27 21:08:40,564 [INFO] ScalperEngine: 💤 EURUSD+  | СКИП | 🐂 56% / 🐻 44% | Мощност: 50 | 🧠 ML: 50% | ⚠️ Отказ: TP (3.2p) е под 7.5
2026-04-27 21:08:40,574 [INFO] LearningAgent: 🎲 Лот: 0.01 | Опит:0 (новак)
2026-04-27 21:08:40,582 [INFO] ScalperEngine: 💤 GBPUSD+  | СКИП | 🐂 21% / 🐻 79% | Мощност: 55 | 🧠 ML: 50% | ⚠️ Отказ: TP (3.8p) е под 7.5
2026-04-27 21:08:40,592 [INFO] LearningAgent: 🎲 Лот: 0.01 | Опит:0 (новак)
2026-04-27 21:08:40,600 [INFO] ScalperEngine: 💤 USDJPY+  | СКИП | 🐂 44% / 🐻 56% | Мощност: 50 | 🧠 ML: 50% | ⚠️ Отказ: TP (3.8p) е под 7.5
2026-04-27 21:08:40,610 [INFO] LearningAgent: 🎲 Лот: 0.01 | Опит:0 (новак)
2026-04-27 21:08:40,620 [INFO] ScalperEngine: 💤 NZDUSD+  | СКИП | 🐂 27% / 🐻 73% | Мощност: 40 | 🧠 ML: 50% | ⚠️ Отказ: TP (2.2p) е под 7.5
2026-04-27 21:08:40,630 [INFO] LearningAgent: 🎲 Лот: 0.01 | Опит:0 (новак)
2026-04-27 21:08:40,638 [INFO] ScalperEngine: 💤 EURJPY+  | СКИП | 🐂 25% / 🐻 75% | Мощност: 60 | 🧠 ML: 50% | ⚠️ Отказ: TP (3.2p) е под 7.5
2026-04-27 21:08:40,648 [INFO] LearningAgent: 🎲 Лот: 0.01 | Опит:0 (новак)
2026-04-27 21:08:40,657 [INFO] ScalperEngine: 💤 EURGBP+  | СКИП | 🐂 39% / 🐻 61% | Мощност: 55 | 🧠 ML: 50% | ⚠️ Отказ: TP (1.6p) е под 7.5
2026-04-27 21:08:40,667 [INFO] LearningAgent: 🎲 Лот: 0.01 | Опит:0 (новак)
2026-04-27 21:08:40,677 [INFO] ScalperEngine: 💤 USDCAD+  | СКИП | 🐂 57% / 🐻 43% | Мощност: 40 | 🧠 ML: 50% | ⚠️ Отказ: TP (2.7p) е под 7.5
2026-04-27 21:08:44,584 [INFO] main: 🛑 Бот спрян от потребителя.
2026-04-27 21:08:44,584 [INFO] MT5Connector: MT5 връзката затворена.
2026-04-27 21:08:44,584 [INFO] TradingBot: Финален отчет: {'daily_pnl': 0.0, 'daily_trades': 0, 'daily_losses': 0, 'open_positions': 0, 'trading_halted': False, 'halt_reason': '', 'start_balance': 0.0}
2026-04-27 21:10:46,268 [INFO] main: 🚀 Стартиране в режим: LIVE
2026-04-27 21:10:46,268 [INFO] main: 📊 Символи: ['XAUUSD+', 'EURUSD+', 'GBPUSD+', 'USDJPY+', 'NZDUSD+', 'EURJPY+', 'EURGBP+', 'USDCAD+']
2026-04-27 21:10:46,268 [INFO] TradingBot: Инициализиране на модули...
2026-04-27 21:10:46,271 [INFO] MT5Connector: ✅ MetaTrader5 пакет намерен.
2026-04-27 21:10:46,272 [INFO] LearningAgent: 🧠 ML агент зареден | 0 сделки в паметта
2026-04-27 21:10:46,274 [INFO] MT5Connector: ✅ Свързан с MT5 | Акаунт: 25080519 | Баланс: 51.17 USD | Сървър: VantageInternational-Demo
2026-04-27 21:10:46,274 [INFO] TradingBot: Всички модули инициализирани.
2026-04-27 21:10:46,274 [INFO] main: ⏳ Бот е активен. Ctrl+C за спиране.
2026-04-27 21:10:46,274 [CYCLE] TradingBot: –––––––––––––––Цикъл #1 [21:10:46]–––––––––––––––
2026-04-27 21:10:46,319 [INFO] LearningAgent: 🎲 Лот: 0.01 | Опит:0 (новак)
2026-04-27 21:10:46,328 [INFO] ScalperEngine: 🚫 XAUUSD+  | SMC БЛОК [🚫EQH↓] | Tentative: BUY
2026-04-27 21:10:46,339 [INFO] LearningAgent: 🎲 Лот: 0.01 | Опит:0 (новак)
2026-04-27 21:10:46,348 [INFO] ScalperEngine: 🚫 EURUSD+  | SMC БЛОК [🚫EQH↓] | Tentative: BUY
2026-04-27 21:10:46,358 [INFO] LearningAgent: 🎲 Лот: 0.01 | Опит:0 (новак)
2026-04-27 21:10:46,367 [INFO] ScalperEngine: 💤 GBPUSD+  | СКИП | 🐂 35% / 🐻 65% | Мощност: 55 | 🧠 ML: 50% | ⚠️ Отказ: TP (3.5p) е под 7.5
2026-04-27 21:10:46,377 [INFO] LearningAgent: 🎲 Лот: 0.01 | Опит:0 (новак)
2026-04-27 21:10:46,386 [INFO] ScalperEngine: 💤 USDJPY+  | СКИП | 🐂 79% / 🐻 21% | Мощност: 55 | 🧠 ML: 50% | ⚠️ Отказ: TP (3.5p) е под 7.5
2026-04-27 21:10:46,396 [INFO] LearningAgent: 🎲 Лот: 0.01 | Опит:0 (новак)
2026-04-27 21:10:46,405 [INFO] ScalperEngine: 💤 NZDUSD+  | СКИП | 🐂 43% / 🐻 57% | Мощност: 40 | 🧠 ML: 50% | ⚠️ Отказ: TP (2.0p) е под 7.5
2026-04-27 21:10:46,415 [INFO] LearningAgent: 🎲 Лот: 0.01 | Опит:0 (новак)
2026-04-27 21:10:46,424 [INFO] ScalperEngine: 💤 EURJPY+  | СКИП | 🐂 21% / 🐻 79% | Мощност: 55 | 🧠 ML: 50% | ⚠️ Отказ: TP (2.9p) е под 7.5
2026-04-27 21:10:46,434 [INFO] LearningAgent: 🎲 Лот: 0.01 | Опит:0 (новак)
2026-04-27 21:10:46,443 [INFO] ScalperEngine: 💤 EURGBP+  | СКИП | 🐂 39% / 🐻 61% | Мощност: 55 | 🧠 ML: 50% | ⚠️ Отказ: TP (1.4p) е под 7.5
2026-04-27 21:10:46,454 [INFO] LearningAgent: 🎲 Лот: 0.01 | Опит:0 (новак)
2026-04-27 21:10:46,463 [INFO] ScalperEngine: 🚫 USDCAD+  | SMC БЛОК [🚫EQH↓] | Tentative: BUY
2026-04-27 21:11:01,464 [CYCLE] TradingBot: –––––––––––––––Цикъл #2 [21:11:01]–––––––––––––––
2026-04-27 21:11:01,477 [INFO] LearningAgent: 🎲 Лот: 0.01 | Опит:0 (новак)
2026-04-27 21:11:01,486 [INFO] ScalperEngine: 🚫 XAUUSD+  | SMC БЛОК [🚫EQH↓] | Tentative: BUY
2026-04-27 21:11:01,498 [INFO] LearningAgent: 🎲 Лот: 0.01 | Опит:0 (новак)
2026-04-27 21:11:01,509 [INFO] ScalperEngine: 🚫 EURUSD+  | SMC БЛОК [🚫EQH↓] | Tentative: BUY
2026-04-27 21:11:01,522 [INFO] LearningAgent: 🎲 Лот: 0.01 | Опит:0 (новак)
2026-04-27 21:11:01,532 [INFO] ScalperEngine: 💤 GBPUSD+  | СКИП | 🐂 35% / 🐻 65% | Мощност: 55 | 🧠 ML: 50% | ⚠️ Отказ: TP (3.5p) е под 7.5
2026-04-27 21:11:01,545 [INFO] LearningAgent: 🎲 Лот: 0.01 | Опит:0 (новак)
2026-04-27 21:11:01,555 [INFO] ScalperEngine: 💤 USDJPY+  | СКИП | 🐂 79% / 🐻 21% | Мощност: 55 | 🧠 ML: 50% | ⚠️ Отказ: TP (3.5p) е под 7.5
2026-04-27 21:11:01,567 [INFO] LearningAgent: 🎲 Лот: 0.01 | Опит:0 (новак)
2026-04-27 21:11:01,577 [INFO] ScalperEngine: 💤 NZDUSD+  | СКИП | 🐂 43% / 🐻 57% | Мощност: 40 | 🧠 ML: 50% | ⚠️ Отказ: TP (2.0p) е под 7.5
2026-04-27 21:11:01,590 [INFO] LearningAgent: 🎲 Лот: 0.01 | Опит:0 (новак)
2026-04-27 21:11:01,601 [INFO] ScalperEngine: 💤 EURJPY+  | СКИП | 🐂 21% / 🐻 79% | Мощност: 55 | 🧠 ML: 50% | ⚠️ Отказ: TP (3.0p) е под 7.5
2026-04-27 21:11:01,612 [INFO] LearningAgent: 🎲 Лот: 0.01 | Опит:0 (новак)
2026-04-27 21:11:01,625 [INFO] ScalperEngine: 💤 EURGBP+  | СКИП | 🐂 21% / 🐻 79% | Мощност: 55 | 🧠 ML: 50% | ⚠️ Отказ: TP (1.4p) е под 7.5
2026-04-27 21:11:01,638 [INFO] LearningAgent: 🎲 Лот: 0.01 | Опит:0 (новак)
2026-04-27 21:11:01,650 [INFO] ScalperEngine: 🚫 USDCAD+  | SMC БЛОК [🚫EQH↓] | Tentative: BUY
2026-04-27 21:11:16,650 [CYCLE] TradingBot: –––––––––––––––Цикъл #3 [21:11:16]–––––––––––––––
2026-04-27 21:11:16,661 [INFO] LearningAgent: 🎲 Лот: 0.01 | Опит:0 (новак)
2026-04-27 21:11:16,669 [INFO] ScalperEngine: 🚫 XAUUSD+  | SMC БЛОК [🚫EQH↓] | Tentative: BUY
2026-04-27 21:11:16,680 [INFO] LearningAgent: 🎲 Лот: 0.01 | Опит:0 (новак)
2026-04-27 21:11:16,688 [INFO] ScalperEngine: 🚫 EURUSD+  | SMC БЛОК [🚫EQH↓] | Tentative: BUY
2026-04-27 21:11:16,698 [INFO] LearningAgent: 🎲 Лот: 0.01 | Опит:0 (новак)
2026-04-27 21:11:16,706 [INFO] ScalperEngine: 💤 GBPUSD+  | СКИП | 🐂 35% / 🐻 65% | Мощност: 55 | 🧠 ML: 50% | ⚠️ Отказ: TP (3.5p) е под 7.5
2026-04-27 21:11:16,716 [INFO] LearningAgent: 🎲 Лот: 0.01 | Опит:0 (новак)
2026-04-27 21:11:16,724 [INFO] ScalperEngine: 💤 USDJPY+  | СКИП | 🐂 79% / 🐻 21% | Мощност: 55 | 🧠 ML: 50% | ⚠️ Отказ: TP (3.5p) е под 7.5
2026-04-27 21:11:16,734 [INFO] LearningAgent: 🎲 Лот: 0.01 | Опит:0 (новак)
2026-04-27 21:11:16,742 [INFO] ScalperEngine: 💤 NZDUSD+  | СКИП | 🐂 43% / 🐻 57% | Мощност: 40 | 🧠 ML: 50% | ⚠️ Отказ: TP (2.0p) е под 7.5
2026-04-27 21:11:16,752 [INFO] LearningAgent: 🎲 Лот: 0.01 | Опит:0 (новак)
2026-04-27 21:11:16,761 [INFO] ScalperEngine: 💤 EURJPY+  | СКИП | 🐂 21% / 🐻 79% | Мощност: 55 | 🧠 ML: 50% | ⚠️ Отказ: TP (3.0p) е под 7.5
2026-04-27 21:11:16,770 [INFO] LearningAgent: 🎲 Лот: 0.01 | Опит:0 (новак)
2026-04-27 21:11:16,778 [INFO] ScalperEngine: 💤 EURGBP+  | СКИП | 🐂 21% / 🐻 79% | Мощност: 55 | 🧠 ML: 50% | ⚠️ Отказ: TP (1.4p) е под 7.5
2026-04-27 21:11:16,789 [INFO] LearningAgent: 🎲 Лот: 0.01 | Опит:0 (новак)
2026-04-27 21:11:16,798 [INFO] ScalperEngine: 🚫 USDCAD+  | SMC БЛОК [🚫EQH↓] | Tentative: BUY
2026-04-27 21:11:31,799 [CYCLE] TradingBot: –––––––––––––––Цикъл #4 [21:11:31]–––––––––––––––
2026-04-27 21:11:31,813 [INFO] LearningAgent: 🎲 Лот: 0.01 | Опит:0 (новак)
2026-04-27 21:11:31,823 [INFO] ScalperEngine: 🚫 XAUUSD+  | SMC БЛОК [🚫EQH↓] | Tentative: BUY
2026-04-27 21:11:31,834 [INFO] LearningAgent: 🎲 Лот: 0.01 | Опит:0 (новак)
2026-04-27 21:11:31,843 [INFO] ScalperEngine: 🚫 EURUSD+  | SMC БЛОК [🚫EQH↓] | Tentative: BUY
2026-04-27 21:11:31,855 [INFO] LearningAgent: 🎲 Лот: 0.01 | Опит:0 (новак)
2026-04-27 21:11:31,863 [INFO] ScalperEngine: 💤 GBPUSD+  | СКИП | 🐂 21% / 🐻 79% | Мощност: 55 | 🧠 ML: 50% | ⚠️ Отказ: TP (3.5p) е под 7.5
2026-04-27 21:11:31,873 [INFO] LearningAgent: 🎲 Лот: 0.01 | Опит:0 (новак)
2026-04-27 21:11:31,882 [INFO] ScalperEngine: 💤 USDJPY+  | СКИП | 🐂 79% / 🐻 21% | Мощност: 55 | 🧠 ML: 50% | ⚠️ Отказ: TP (3.5p) е под 7.5
2026-04-27 21:11:31,893 [INFO] LearningAgent: 🎲 Лот: 0.01 | Опит:0 (новак)
2026-04-27 21:11:31,901 [INFO] ScalperEngine: 💤 NZDUSD+  | СКИП | 🐂 43% / 🐻 57% | Мощност: 40 | 🧠 ML: 50% | ⚠️ Отказ: TP (2.1p) е под 7.5
2026-04-27 21:11:31,912 [INFO] LearningAgent: 🎲 Лот: 0.01 | Опит:0 (новак)
2026-04-27 21:11:31,920 [INFO] ScalperEngine: 💤 EURJPY+  | СКИП | 🐂 21% / 🐻 79% | Мощност: 55 | 🧠 ML: 50% | ⚠️ Отказ: TP (3.1p) е под 7.5
2026-04-27 21:11:31,930 [INFO] LearningAgent: 🎲 Лот: 0.01 | Опит:0 (новак)
2026-04-27 21:11:31,938 [INFO] ScalperEngine: 💤 EURGBP+  | СКИП | 🐂 21% / 🐻 79% | Мощност: 55 | 🧠 ML: 50% | ⚠️ Отказ: TP (1.4p) е под 7.5
2026-04-27 21:11:31,949 [INFO] LearningAgent: 🎲 Лот: 0.01 | Опит:0 (новак)
2026-04-27 21:11:31,958 [INFO] ScalperEngine: 🚫 USDCAD+  | SMC БЛОК [🚫EQH↓] | Tentative: BUY
2026-04-27 21:11:46,959 [CYCLE] TradingBot: –––––––––––––––Цикъл #5 [21:11:46]–––––––––––––––
2026-04-27 21:11:46,971 [INFO] LearningAgent: 🎲 Лот: 0.01 | Опит:0 (новак)
2026-04-27 21:11:46,980 [INFO] ScalperEngine: 🚫 XAUUSD+  | SMC БЛОК [🚫EQH↓] | Tentative: BUY
2026-04-27 21:11:46,991 [INFO] LearningAgent: 🎲 Лот: 0.01 | Опит:0 (новак)
2026-04-27 21:11:47,000 [INFO] ScalperEngine: 🚫 EURUSD+  | SMC БЛОК [🚫EQH↓] | Tentative: BUY
2026-04-27 21:11:47,012 [INFO] LearningAgent: 🎲 Лот: 0.01 | Опит:0 (новак)
2026-04-27 21:11:47,020 [INFO] ScalperEngine: 💤 GBPUSD+  | СКИП | 🐂 21% / 🐻 79% | Мощност: 55 | 🧠 ML: 50% | ⚠️ Отказ: TP (3.5p) е под 7.5
2026-04-27 21:11:47,031 [INFO] LearningAgent: 🎲 Лот: 0.01 | Опит:0 (новак)
2026-04-27 21:11:47,039 [INFO] ScalperEngine: 💤 USDJPY+  | СКИП | 🐂 79% / 🐻 21% | Мощност: 55 | 🧠 ML: 50% | ⚠️ Отказ: TP (3.5p) е под 7.5
2026-04-27 21:11:47,051 [INFO] LearningAgent: 🎲 Лот: 0.01 | Опит:0 (новак)
2026-04-27 21:11:47,060 [INFO] ScalperEngine: 💤 NZDUSD+  | СКИП | 🐂 43% / 🐻 57% | Мощност: 40 | 🧠 ML: 50% | ⚠️ Отказ: TP (2.1p) е под 7.5
2026-04-27 21:11:47,071 [INFO] LearningAgent: 🎲 Лот: 0.01 | Опит:0 (новак)
2026-04-27 21:11:47,080 [INFO] ScalperEngine: 💤 EURJPY+  | СКИП | 🐂 21% / 🐻 79% | Мощност: 55 | 🧠 ML: 50% | ⚠️ Отказ: TP (3.1p) е под 7.5
2026-04-27 21:11:47,091 [INFO] LearningAgent: 🎲 Лот: 0.01 | Опит:0 (новак)
2026-04-27 21:11:47,100 [INFO] ScalperEngine: 💤 EURGBP+  | СКИП | 🐂 21% / 🐻 79% | Мощност: 55 | 🧠 ML: 50% | ⚠️ Отказ: TP (1.4p) е под 7.5
2026-04-27 21:11:47,112 [INFO] LearningAgent: 🎲 Лот: 0.01 | Опит:0 (новак)
2026-04-27 21:11:47,121 [INFO] ScalperEngine: 🚫 USDCAD+  | SMC БЛОК [🚫EQH↓] | Tentative: BUY
2026-04-27 21:12:02,121 [CYCLE] TradingBot: –––––––––––––––Цикъл #6 [21:12:02]–––––––––––––––
2026-04-27 21:12:02,134 [INFO] LearningAgent: 🎲 Лот: 0.01 | Опит:0 (новак)
2026-04-27 21:12:02,145 [INFO] ScalperEngine: 🚫 XAUUSD+  | SMC БЛОК [🚫EQH↓] | Tentative: BUY
2026-04-27 21:12:02,157 [INFO] LearningAgent: 🎲 Лот: 0.01 | Опит:0 (новак)
2026-04-27 21:12:02,168 [INFO] ScalperEngine: 🚫 EURUSD+  | SMC БЛОК [🚫EQH↓] | Tentative: BUY
2026-04-27 21:12:02,181 [INFO] LearningAgent: 🎲 Лот: 0.01 | Опит:0 (новак)
2026-04-27 21:12:02,192 [INFO] ScalperEngine: 💤 GBPUSD+  | СКИП | 🐂 21% / 🐻 79% | Мощност: 55 | 🧠 ML: 50% | ⚠️ Отказ: TP (3.5p) е под 7.5
2026-04-27 21:12:02,205 [INFO] LearningAgent: 🎲 Лот: 0.01 | Опит:0 (новак)
2026-04-27 21:12:02,215 [INFO] ScalperEngine: 💤 USDJPY+  | СКИП | 🐂 79% / 🐻 21% | Мощност: 55 | 🧠 ML: 50% | ⚠️ Отказ: TP (3.5p) е под 7.5
2026-04-27 21:12:02,226 [INFO] LearningAgent: 🎲 Лот: 0.01 | Опит:0 (новак)
2026-04-27 21:12:02,236 [INFO] ScalperEngine: 💤 NZDUSD+  | СКИП | 🐂 43% / 🐻 57% | Мощност: 40 | 🧠 ML: 50% | ⚠️ Отказ: TP (2.1p) е под 7.5
2026-04-27 21:12:02,250 [INFO] LearningAgent: 🎲 Лот: 0.01 | Опит:0 (новак)
2026-04-27 21:12:02,260 [INFO] ScalperEngine: 💤 EURJPY+  | СКИП | 🐂 21% / 🐻 79% | Мощност: 55 | 🧠 ML: 50% | ⚠️ Отказ: TP (3.1p) е под 7.5
2026-04-27 21:12:02,273 [INFO] LearningAgent: 🎲 Лот: 0.01 | Опит:0 (новак)
2026-04-27 21:12:02,282 [INFO] ScalperEngine: 💤 EURGBP+  | СКИП | 🐂 21% / 🐻 79% | Мощност: 55 | 🧠 ML: 50% | ⚠️ Отказ: TP (1.4p) е под 7.5
2026-04-27 21:12:02,293 [INFO] LearningAgent: 🎲 Лот: 0.01 | Опит:0 (новак)
2026-04-27 21:12:02,302 [INFO] ScalperEngine: 🚫 USDCAD+  | SMC БЛОК [🚫EQH↓] | Tentative: BUY
2026-04-27 21:12:17,304 [CYCLE] TradingBot: –––––––––––––––Цикъл #7 [21:12:17]–––––––––––––––
2026-04-27 21:12:17,317 [INFO] LearningAgent: 🎲 Лот: 0.01 | Опит:0 (новак)
2026-04-27 21:12:17,328 [INFO] ScalperEngine: 🚫 XAUUSD+  | SMC БЛОК [🚫EQH↓] | Tentative: BUY
2026-04-27 21:12:17,338 [INFO] LearningAgent: 🎲 Лот: 0.01 | Опит:0 (новак)
2026-04-27 21:12:17,347 [INFO] ScalperEngine: 🚫 EURUSD+  | SMC БЛОК [🚫EQH↓] | Tentative: BUY
2026-04-27 21:12:17,363 [INFO] LearningAgent: 🎲 Лот: 0.01 | Опит:0 (новак)
2026-04-27 21:12:17,372 [INFO] ScalperEngine: 💤 GBPUSD+  | СКИП | 🐂 21% / 🐻 79% | Мощност: 55 | 🧠 ML: 50% | ⚠️ Отказ: TP (3.5p) е под 7.5
2026-04-27 21:12:17,386 [INFO] LearningAgent: 🎲 Лот: 0.01 | Опит:0 (новак)
2026-04-27 21:12:17,395 [INFO] ScalperEngine: 💤 USDJPY+  | СКИП | 🐂 79% / 🐻 21% | Мощност: 55 | 🧠 ML: 50% | ⚠️ Отказ: TP (3.5p) е под 7.5
2026-04-27 21:12:17,406 [INFO] LearningAgent: 🎲 Лот: 0.01 | Опит:0 (новак)
2026-04-27 21:12:17,414 [INFO] ScalperEngine: 💤 NZDUSD+  | СКИП | 🐂 43% / 🐻 57% | Мощност: 40 | 🧠 ML: 50% | ⚠️ Отказ: TP (2.1p) е под 7.5
2026-04-27 21:12:17,426 [INFO] LearningAgent: 🎲 Лот: 0.01 | Опит:0 (новак)
2026-04-27 21:12:17,434 [INFO] ScalperEngine: 💤 EURJPY+  | СКИП | 🐂 21% / 🐻 79% | Мощност: 55 | 🧠 ML: 50% | ⚠️ Отказ: TP (3.1p) е под 7.5
2026-04-27 21:12:17,447 [INFO] LearningAgent: 🎲 Лот: 0.01 | Опит:0 (новак)
2026-04-27 21:12:17,457 [INFO] ScalperEngine: 💤 EURGBP+  | СКИП | 🐂 39% / 🐻 61% | Мощност: 55 | 🧠 ML: 50% | ⚠️ Отказ: TP (1.4p) е под 7.5
2026-04-27 21:12:17,467 [INFO] LearningAgent: 🎲 Лот: 0.01 | Опит:0 (новак)
2026-04-27 21:12:17,476 [INFO] ScalperEngine: 🚫 USDCAD+  | SMC БЛОК [🚫EQH↓] | Tentative: BUY
2026-04-27 21:12:31,633 [INFO] main: 🛑 Бот спрян от потребителя.
2026-04-27 21:12:31,633 [INFO] MT5Connector: MT5 връзката затворена.
2026-04-27 21:12:31,633 [INFO] TradingBot: Финален отчет: {'daily_pnl': 0.0, 'daily_trades': 0, 'daily_losses': 0, 'open_positions': 0, 'trading_halted': False, 'halt_reason': '', 'start_balance': 0.0}
2026-04-27 21:12:33,565 [INFO] main: 🚀 Стартиране в режим: LIVE
2026-04-27 21:12:33,566 [INFO] main: 📊 Символи: ['XAUUSD+', 'EURUSD+', 'GBPUSD+', 'USDJPY+', 'NZDUSD+', 'EURJPY+', 'EURGBP+', 'USDCAD+']
2026-04-27 21:12:33,566 [INFO] TradingBot: Инициализиране на модули...
2026-04-27 21:12:33,569 [INFO] MT5Connector: ✅ MetaTrader5 пакет намерен.
2026-04-27 21:12:33,570 [INFO] LearningAgent: 🧠 ML агент зареден | 0 сделки в паметта
2026-04-27 21:12:33,571 [INFO] MT5Connector: ✅ Свързан с MT5 | Акаунт: 25080519 | Баланс: 51.17 USD | Сървър: VantageInternational-Demo
2026-04-27 21:12:33,571 [INFO] TradingBot: Всички модули инициализирани.
2026-04-27 21:12:33,571 [INFO] main: ⏳ Бот е активен. Ctrl+C за спиране.
2026-04-27 21:12:33,572 [CYCLE] TradingBot: –––––––––––––––Цикъл #1 [21:12:33]–––––––––––––––
2026-04-27 21:12:33,585 [INFO] LearningAgent: 🎲 Лот: 0.01 | Опит:0 (новак)
2026-04-27 21:12:33,595 [INFO] ScalperEngine: 🚫 XAUUSD+  | SMC БЛОК [🚫EQH↓] | Tentative: BUY
2026-04-27 21:12:33,605 [INFO] LearningAgent: 🎲 Лот: 0.01 | Опит:0 (новак)
2026-04-27 21:12:33,614 [INFO] ScalperEngine: 🚫 EURUSD+  | SMC БЛОК [🚫EQH↓] | Tentative: BUY
2026-04-27 21:12:33,625 [INFO] LearningAgent: 🎲 Лот: 0.01 | Опит:0 (новак)
2026-04-27 21:12:33,633 [INFO] ScalperEngine: 💤 GBPUSD+  | СКИП | 🐂 21% / 🐻 79% | Мощност: 55 | 🧠 ML: 50% | ⚠️ Отказ: TP (3.5p) е под 7.5
2026-04-27 21:12:33,643 [INFO] LearningAgent: 🎲 Лот: 0.01 | Опит:0 (новак)
2026-04-27 21:12:33,652 [INFO] ScalperEngine: 💤 USDJPY+  | СКИП | 🐂 79% / 🐻 21% | Мощност: 55 | 🧠 ML: 50% | ⚠️ Отказ: TP (3.5p) е под 7.5
2026-04-27 21:12:33,662 [INFO] LearningAgent: 🎲 Лот: 0.01 | Опит:0 (новак)
2026-04-27 21:12:33,671 [INFO] ScalperEngine: 💤 NZDUSD+  | СКИП | 🐂 43% / 🐻 57% | Мощност: 40 | 🧠 ML: 50% | ⚠️ Отказ: TP (2.1p) е под 7.5
2026-04-27 21:12:33,681 [INFO] LearningAgent: 🎲 Лот: 0.01 | Опит:0 (новак)
2026-04-27 21:12:33,690 [INFO] ScalperEngine: 💤 EURJPY+  | СКИП | 🐂 21% / 🐻 79% | Мощност: 55 | 🧠 ML: 50% | ⚠️ Отказ: TP (3.1p) е под 7.5
2026-04-27 21:12:33,700 [INFO] LearningAgent: 🎲 Лот: 0.01 | Опит:0 (новак)
2026-04-27 21:12:33,708 [INFO] ScalperEngine: 💤 EURGBP+  | СКИП | 🐂 21% / 🐻 79% | Мощност: 55 | 🧠 ML: 50% | ⚠️ Отказ: TP (1.4p) е под 7.5
2026-04-27 21:12:33,718 [INFO] LearningAgent: 🎲 Лот: 0.01 | Опит:0 (новак)
2026-04-27 21:12:33,728 [INFO] ScalperEngine: 🚫 USDCAD+  | SMC БЛОК [🚫EQH↓] | Tentative: BUY
2026-04-27 21:12:45,525 [INFO] main: 🛑 Бот спрян от потребителя.
2026-04-27 21:12:45,525 [INFO] MT5Connector: MT5 връзката затворена.
2026-04-27 21:12:45,525 [INFO] TradingBot: Финален отчет: {'daily_pnl': 0.0, 'daily_trades': 0, 'daily_losses': 0, 'open_positions': 0, 'trading_halted': False, 'halt_reason': '', 'start_balance': 0.0}
